#
# A fatal error has been detected by the Java Runtime Environment:
#
#  SIGSEGV (0xb) at pc=0x000000010548b480, pid=27103, tid=0x0000000000000307
#
# JRE version: Java(TM) SE Runtime Environment (8.0_181-b13) (build 1.8.0_181-b13)
# Java VM: Java HotSpot(TM) 64-Bit Server VM (25.181-b13 mixed mode bsd-amd64 compressed oops)
# Problematic frame:
# V  [libjvm.dylib+0x48b480]
#
# Failed to write core dump. Core dumps have been disabled. To enable core dumping, try "ulimit -c unlimited" before starting Java again
#
# If you would like to submit a bug report, please visit:
#   http://bugreport.java.com/bugreport/crash.jsp
#

---------------  T H R E A D  ---------------

Current thread is native thread

siginfo: si_signo: 11 (SIGSEGV), si_code: 1 (SEGV_MAPERR), si_addr: 0x0000000000000128

Registers:
RAX=0x0000000000000000, RBX=0x00007ffeeb549940, RCX=0x000000011051666c, RDX=0x00007ffeeb549940
RSP=0x00007ffeeb549470, RBP=0x00007ffeeb5494a0, RSI=0x00007ffeeb5498d8, RDI=0x0000000000000109
R8 =0x00007ffeeb549940, R9 =0x3dbccc4a4e02a72a, R10=0x0000000000000c00, R11=0x0000000000000206
R12=0x3dbccc4a4e02a72a, R13=0x0000000000000c00, R14=0x00007ffeeb5498d8, R15=0x0000000000000002
RIP=0x000000010548b480, EFLAGS=0x0000000000010206, ERR=0x0000000000000004
  TRAPNO=0x000000000000000e

Top of Stack: (sp=0x00007ffeeb549470)
0x00007ffeeb549470:   00007ffeeb5494a0 00007ffeeb549940
0x00007ffeeb549480:   3dbccc4a4e02a72a 0000000000000c00
0x00007ffeeb549490:   00007ffeeb549bb0 0000000000000000
0x00007ffeeb5494a0:   00007ffeeb5494b0 00007fff7eb03b5d
0x00007ffeeb5494b0:   00007ffeeb549a50 00007fff7d155bb2
0x00007ffeeb5494c0:   00007f9515e027f0 00007fffadb00a10
0x00007ffeeb5494d0:   0100001f00000085 0000001860b22000
0x00007ffeeb5494e0:   0000000010004005 0000000007000806
0x00007ffeeb5494f0:   00007ffeeb5499f8 0000000000000000
0x00007ffeeb549500:   00007ffeeb549bb0 0000000007000806
0x00007ffeeb549510:   00007ffeeb549a50 00007ffeeb5499f8
0x00007ffeeb549520:   0000000000000d03 00000000ffffffff
0x00007ffeeb549530:   0000000000000c00 0000000000000206
0x00007ffeeb549540:   0000000007000806 0000000000000c00
0x00007ffeeb549550:   00007ffeeb549bb0 0000000000000000
0x00007ffeeb549560:   00007fff7ea4d22a 0000000000000206
0x00007ffeeb549570:   0000000000000007 0000000000000000
0x00007ffeeb549580:   0000000000000000 0000000000000000
0x00007ffeeb549590:   000000000000037f 0000000000000000
0x00007ffeeb5495a0:   0000000000000000 0000ffff00001fa1
0x00007ffeeb5495b0:   0000000000000000 000000000000ffff
0x00007ffeeb5495c0:   0000000000000100 000000000000ffff
0x00007ffeeb5495d0:   0000000000000000 0000000000000000
0x00007ffeeb5495e0:   0000000000000020 000000000000ffff
0x00007ffeeb5495f0:   00000000ffe39100 000000000000ffff
0x00007ffeeb549600:   0000000000000000 0000000000000000
0x00007ffeeb549610:   0000000000000000 0000000000000000
0x00007ffeeb549620:   0000000087d23d7c 000000000000ffff
0x00007ffeeb549630:   41c1a83d7b71336e 0000000000000000
0x00007ffeeb549640:   41c1a83d7b000000 0000000000000000
0x00007ffeeb549650:   4415af1d78b58c40 0000000000000000
0x00007ffeeb549660:   0000000000000000 0000000000000000 

Instructions: (pc=0x000000010548b480)
0x000000010548b460:   83 ec 08 48 89 d3 49 89 f6 e8 30 48 14 00 44 8b
0x000000010548b470:   38 48 8d 05 08 31 3b 00 48 63 38 e8 00 4b 14 00
0x000000010548b480:   4c 8b a0 28 01 00 00 41 83 7c 24 34 01 0f 85 e2
0x000000010548b490:   00 00 00 49 89 5c 24 40 4d 89 74 24 38 49 8d 5c 

Register to memory mapping:

RAX=0x0000000000000000 is an unknown value
RBX=0x00007ffeeb549940 is an unknown value
RCX=0x000000011051666c is an unknown value
RDX=0x00007ffeeb549940 is an unknown value
RSP=0x00007ffeeb549470 is an unknown value
RBP=0x00007ffeeb5494a0 is an unknown value
RSI=0x00007ffeeb5498d8 is an unknown value
RDI=0x0000000000000109 is an unknown value
R8 =0x00007ffeeb549940 is an unknown value
R9 =0x3dbccc4a4e02a72a is an unknown value
R10=0x0000000000000c00 is an unknown value
R11=0x0000000000000206 is an unknown value
R12=0x3dbccc4a4e02a72a is an unknown value
R13=0x0000000000000c00 is an unknown value
R14=0x00007ffeeb5498d8 is an unknown value
R15=0x0000000000000002 is an unknown value


Stack: [0x00007ffeead4e000,0x00007ffeeb54e000],  sp=0x00007ffeeb549470,  free space=8173k
Native frames: (J=compiled Java code, j=interpreted, Vv=VM code, C=native code)
V  [libjvm.dylib+0x48b480]
C  [libsystem_platform.dylib+0x4b5d]  _sigtramp+0x1d
C  [libobjc.A.dylib+0x16bb2]  _ZL27_fetchInitializingClassListb+0x12
C  [CoreFoundation+0x3ae6d]  __CFRunLoopServiceMachPort+0x147
C  [CoreFoundation+0x3a3da]  __CFRunLoopRun+0x653
C  [CoreFoundation+0x39b35]  CFRunLoopRunSpecific+0x1cb
C  [java+0x646e]  CreateExecutionEnvironment+0x367
C  [java+0x203c]  JLI_Launch+0x7a0
C  [java+0x84cb]  main+0x65
C  [java+0x1894]  start+0x34


---------------  P R O C E S S  ---------------

VM state:synchronizing (normal execution)

VM Mutex/Monitor currently owned by a thread:  ([mutex/lock_event])
[0x00007f9515d05680] Safepoint_lock - owner thread: 0x00007f951700c000
[0x00007f9515d05700] Threads_lock - owner thread: 0x00007f951700c000

Heap:
 PSYoungGen      total 47616K, used 25879K [0x000000078ab00000, 0x000000078e000000, 0x00000007c0000000)
  eden space 40960K, 63% used [0x000000078ab00000,0x000000078c445d78,0x000000078d300000)
  from space 6656K, 0% used [0x000000078d980000,0x000000078d980000,0x000000078e000000)
  to   space 6656K, 0% used [0x000000078d300000,0x000000078d300000,0x000000078d980000)
 ParOldGen       total 87552K, used 7944K [0x0000000720000000, 0x0000000725580000, 0x000000078ab00000)
  object space 87552K, 9% used [0x0000000720000000,0x00000007207c21d8,0x0000000725580000)
 Metaspace       used 22522K, capacity 23808K, committed 24320K, reserved 1071104K
  class space    used 3084K, capacity 3390K, committed 3584K, reserved 1048576K

Card table byte_map: [0x0000000106374000,0x0000000106875000] byte_map_base: 0x0000000102a74000

Marking Bits: (ParMarkBitMap*) 0x00000001058f9cd0
 Begin Bits: [0x0000000106bcb000, 0x00000001093cb000)
 End Bits:   [0x00000001093cb000, 0x000000010bbcb000)

Polling page: 0x000000010475c000

CodeCache: size=245760Kb used=6106Kb max_used=6106Kb free=239653Kb
 bounds [0x000000011053f000, 0x0000000110b3f000, 0x000000011f53f000]
 total_blobs=2553 nmethods=2085 adapters=381
 compilation: enabled

Compilation events (10 events):
Event: 214.094 Thread 0x00007f9517038000 2162       1       java.util.Formatter$FormatSpecifier::index (5 bytes)
Event: 214.094 Thread 0x00007f9517038000 nmethod 2162 0x000000011078d150 code [0x000000011078d2a0, 0x000000011078d3b0]
Event: 214.094 Thread 0x00007f9517038000 2165       1       com.google.common.collect.ImmutableMultimap::asMap (5 bytes)
Event: 214.094 Thread 0x00007f9517038000 nmethod 2165 0x000000011078ce90 code [0x000000011078cfe0, 0x000000011078d0f0]
Event: 214.826 Thread 0x00007f9517038000 2166       3       sun.nio.cs.UTF_8$Decoder::decodeArrayLoop (691 bytes)
Event: 214.833 Thread 0x00007f9517038000 nmethod 2166 0x0000000110b25310 code [0x0000000110b25c80, 0x0000000110b2c468]
Event: 215.053 Thread 0x00007f9517038000 2167       3       sun.reflect.Reflection::isSubclassOf (21 bytes)
Event: 215.053 Thread 0x00007f9517038000 nmethod 2167 0x00000001106d7c90 code [0x00000001106d7e00, 0x00000001106d80e8]
Event: 215.092 Thread 0x00007f9517038000 2168       3       java.util.concurrent.SynchronousQueue$TransferStack::shouldSpin (30 bytes)
Event: 215.093 Thread 0x00007f9517038000 nmethod 2168 0x00000001106d7750 code [0x00000001106d78c0, 0x00000001106d7bb0]

GC Heap History (6 events):
Event: 60.616 GC heap before
{Heap before GC invocations=1 (full 0):
 PSYoungGen      total 47616K, used 40960K [0x000000078ab00000, 0x000000078e000000, 0x00000007c0000000)
  eden space 40960K, 100% used [0x000000078ab00000,0x000000078d300000,0x000000078d300000)
  from space 6656K, 0% used [0x000000078d980000,0x000000078d980000,0x000000078e000000)
  to   space 6656K, 0% used [0x000000078d300000,0x000000078d300000,0x000000078d980000)
 ParOldGen       total 109568K, used 0K [0x0000000720000000, 0x0000000726b00000, 0x000000078ab00000)
  object space 109568K, 0% used [0x0000000720000000,0x0000000720000000,0x0000000726b00000)
 Metaspace       used 14948K, capacity 15792K, committed 16000K, reserved 1062912K
  class space    used 1957K, capacity 2144K, committed 2176K, reserved 1048576K
Event: 60.873 GC heap after
Heap after GC invocations=1 (full 0):
 PSYoungGen      total 47616K, used 6655K [0x000000078ab00000, 0x000000078e000000, 0x00000007c0000000)
  eden space 40960K, 0% used [0x000000078ab00000,0x000000078ab00000,0x000000078d300000)
  from space 6656K, 99% used [0x000000078d300000,0x000000078d97ffa8,0x000000078d980000)
  to   space 6656K, 0% used [0x000000078d980000,0x000000078d980000,0x000000078e000000)
 ParOldGen       total 109568K, used 1573K [0x0000000720000000, 0x0000000726b00000, 0x000000078ab00000)
  object space 109568K, 1% used [0x0000000720000000,0x00000007201896c0,0x0000000726b00000)
 Metaspace       used 14948K, capacity 15792K, committed 16000K, reserved 1062912K
  class space    used 1957K, capacity 2144K, committed 2176K, reserved 1048576K
}
Event: 113.828 GC heap before
{Heap before GC invocations=2 (full 0):
 PSYoungGen      total 47616K, used 34858K [0x000000078ab00000, 0x000000078e000000, 0x00000007c0000000)
  eden space 40960K, 68% used [0x000000078ab00000,0x000000078c68aaf8,0x000000078d300000)
  from space 6656K, 99% used [0x000000078d300000,0x000000078d97ffa8,0x000000078d980000)
  to   space 6656K, 0% used [0x000000078d980000,0x000000078d980000,0x000000078e000000)
 ParOldGen       total 109568K, used 1573K [0x0000000720000000, 0x0000000726b00000, 0x000000078ab00000)
  object space 109568K, 1% used [0x0000000720000000,0x00000007201896c0,0x0000000726b00000)
 Metaspace       used 19983K, capacity 21274K, committed 21296K, reserved 1067008K
  class space    used 2626K, capacity 2933K, committed 2944K, reserved 1048576K
Event: 113.843 GC heap after
Heap after GC invocations=2 (full 0):
 PSYoungGen      total 47616K, used 6643K [0x000000078ab00000, 0x000000078e000000, 0x00000007c0000000)
  eden space 40960K, 0% used [0x000000078ab00000,0x000000078ab00000,0x000000078d300000)
  from space 6656K, 99% used [0x000000078d980000,0x000000078dffce88,0x000000078e000000)
  to   space 6656K, 0% used [0x000000078d300000,0x000000078d300000,0x000000078d980000)
 ParOldGen       total 109568K, used 3094K [0x0000000720000000, 0x0000000726b00000, 0x000000078ab00000)
  object space 109568K, 2% used [0x0000000720000000,0x0000000720305858,0x0000000726b00000)
 Metaspace       used 19983K, capacity 21274K, committed 21296K, reserved 1067008K
  class space    used 2626K, capacity 2933K, committed 2944K, reserved 1048576K
}
Event: 113.911 GC heap before
{Heap before GC invocations=3 (full 1):
 PSYoungGen      total 47616K, used 6643K [0x000000078ab00000, 0x000000078e000000, 0x00000007c0000000)
  eden space 40960K, 0% used [0x000000078ab00000,0x000000078ab00000,0x000000078d300000)
  from space 6656K, 99% used [0x000000078d980000,0x000000078dffce88,0x000000078e000000)
  to   space 6656K, 0% used [0x000000078d300000,0x000000078d300000,0x000000078d980000)
 ParOldGen       total 109568K, used 3094K [0x0000000720000000, 0x0000000726b00000, 0x000000078ab00000)
  object space 109568K, 2% used [0x0000000720000000,0x0000000720305858,0x0000000726b00000)
 Metaspace       used 19983K, capacity 21274K, committed 21296K, reserved 1067008K
  class space    used 2626K, capacity 2933K, committed 2944K, reserved 1048576K
Event: 115.004 GC heap after
Heap after GC invocations=3 (full 1):
 PSYoungGen      total 47616K, used 0K [0x000000078ab00000, 0x000000078e000000, 0x00000007c0000000)
  eden space 40960K, 0% used [0x000000078ab00000,0x000000078ab00000,0x000000078d300000)
  from space 6656K, 0% used [0x000000078d980000,0x000000078d980000,0x000000078e000000)
  to   space 6656K, 0% used [0x000000078d300000,0x000000078d300000,0x000000078d980000)
 ParOldGen       total 87552K, used 7944K [0x0000000720000000, 0x0000000725580000, 0x000000078ab00000)
  object space 87552K, 9% used [0x0000000720000000,0x00000007207c21d8,0x0000000725580000)
 Metaspace       used 19775K, capacity 20832K, committed 21296K, reserved 1067008K
  class space    used 2550K, capacity 2806K, committed 2944K, reserved 1048576K
}

Deoptimization events (10 events):
Event: 115.459 Thread 0x00007f9517296800 Uncommon trap: reason=class_check action=maybe_recompile pc=0x0000000110ae0c30 method=sun.reflect.GeneratedMethodAccessor3.invoke(Ljava/lang/Object;[Ljava/lang/Object;)Ljava/lang/Object; @ 17
Event: 115.459 Thread 0x00007f9517296800 Uncommon trap: reason=class_check action=maybe_recompile pc=0x0000000110ae0c30 method=sun.reflect.GeneratedMethodAccessor3.invoke(Ljava/lang/Object;[Ljava/lang/Object;)Ljava/lang/Object; @ 17
Event: 115.459 Thread 0x00007f9517296800 Uncommon trap: reason=class_check action=maybe_recompile pc=0x0000000110ae0c30 method=sun.reflect.GeneratedMethodAccessor3.invoke(Ljava/lang/Object;[Ljava/lang/Object;)Ljava/lang/Object; @ 17
Event: 115.459 Thread 0x00007f9517296800 Uncommon trap: reason=class_check action=maybe_recompile pc=0x0000000110ad95d4 method=sun.reflect.GeneratedMethodAccessor3.invoke(Ljava/lang/Object;[Ljava/lang/Object;)Ljava/lang/Object; @ 17
Event: 115.460 Thread 0x00007f9517296800 Uncommon trap: reason=class_check action=maybe_recompile pc=0x0000000110ad59ac method=sun.reflect.GeneratedMethodAccessor3.invoke(Ljava/lang/Object;[Ljava/lang/Object;)Ljava/lang/Object; @ 17
Event: 174.458 Thread 0x00007f951699f000 Uncommon trap: reason=bimorphic action=maybe_recompile pc=0x00000001109c44d8 method=java.util.regex.Pattern$Curly.match(Ljava/util/regex/Matcher;ILjava/lang/CharSequence;)Z @ 19
Event: 174.459 Thread 0x00007f951699f000 Uncommon trap: reason=bimorphic action=maybe_recompile pc=0x00000001109c44d8 method=java.util.regex.Pattern$Curly.match(Ljava/util/regex/Matcher;ILjava/lang/CharSequence;)Z @ 19
Event: 174.462 Thread 0x00007f95179cf000 Uncommon trap: reason=bimorphic action=maybe_recompile pc=0x00000001109c44d8 method=java.util.regex.Pattern$Curly.match(Ljava/util/regex/Matcher;ILjava/lang/CharSequence;)Z @ 19
Event: 174.462 Thread 0x00007f95179cf000 Uncommon trap: reason=bimorphic action=maybe_recompile pc=0x00000001109c44d8 method=java.util.regex.Pattern$Curly.match(Ljava/util/regex/Matcher;ILjava/lang/CharSequence;)Z @ 19
Event: 193.857 Thread 0x00007f951699f800 Uncommon trap: reason=unstable_if action=reinterpret pc=0x0000000110a55668 method=java.util.concurrent.ConcurrentHashMap.addCount(JI)V @ 7

Classes redefined (0 events):
No events

Internal exceptions (10 events):
Event: 115.305 Thread 0x00007f951729a000 Exception <a 'java/lang/ArrayIndexOutOfBoundsException'> (0x000000078b1b95b0) thrown at [/Users/java_re/workspace/8-2-build-macosx-x86_64/jdk8u181/11358/hotspot/src/share/vm/runtime/sharedRuntime.cpp, line 605]
Event: 115.305 Thread 0x00007f9517296800 Exception <a 'java/lang/ArrayIndexOutOfBoundsException'> (0x000000078b130b60) thrown at [/Users/java_re/workspace/8-2-build-macosx-x86_64/jdk8u181/11358/hotspot/src/share/vm/runtime/sharedRuntime.cpp, line 605]
Event: 115.306 Thread 0x00007f951729a000 Exception <a 'java/lang/ArrayIndexOutOfBoundsException'> (0x000000078b1bb4f0) thrown at [/Users/java_re/workspace/8-2-build-macosx-x86_64/jdk8u181/11358/hotspot/src/share/vm/runtime/sharedRuntime.cpp, line 605]
Event: 115.306 Thread 0x00007f9517296800 Exception <a 'java/lang/ArrayIndexOutOfBoundsException'> (0x000000078b1330a0) thrown at [/Users/java_re/workspace/8-2-build-macosx-x86_64/jdk8u181/11358/hotspot/src/share/vm/runtime/sharedRuntime.cpp, line 605]
Event: 115.309 Thread 0x00007f951729a000 Exception <a 'java/lang/ArrayIndexOutOfBoundsException': 76> (0x000000078b1cff38) thrown at [/Users/java_re/workspace/8-2-build-macosx-x86_64/jdk8u181/11358/hotspot/src/share/vm/interpreter/interpreterRuntime.cpp, line 366]
Event: 115.309 Thread 0x00007f9517296800 Exception <a 'java/lang/ArrayIndexOutOfBoundsException': 76> (0x000000078b142ed8) thrown at [/Users/java_re/workspace/8-2-build-macosx-x86_64/jdk8u181/11358/hotspot/src/share/vm/interpreter/interpreterRuntime.cpp, line 366]
Event: 115.310 Thread 0x00007f951729a000 Exception <a 'java/lang/ArrayIndexOutOfBoundsException': 76> (0x000000078b1d6080) thrown at [/Users/java_re/workspace/8-2-build-macosx-x86_64/jdk8u181/11358/hotspot/src/share/vm/interpreter/interpreterRuntime.cpp, line 366]
Event: 115.310 Thread 0x00007f9517296800 Exception <a 'java/lang/ArrayIndexOutOfBoundsException': 76> (0x000000078b1495b0) thrown at [/Users/java_re/workspace/8-2-build-macosx-x86_64/jdk8u181/11358/hotspot/src/share/vm/interpreter/interpreterRuntime.cpp, line 366]
Event: 214.841 Thread 0x00007f951683f800 Exception <a 'sun/net/ConnectionResetException': Connection reset> (0x000000078c2077a8) thrown at [/Users/java_re/workspace/8-2-build-macosx-x86_64/jdk8u181/11358/hotspot/src/share/vm/prims/jni.cpp, line 735]
Event: 214.842 Thread 0x00007f951683f800 Exception <a 'java/net/ConnectException'> (0x000000078c2087c8) thrown at [/Users/java_re/workspace/8-2-build-macosx-x86_64/jdk8u181/11358/hotspot/src/share/vm/prims/jni.cpp, line 709]

Events (10 events):
Event: 215.054 Executing VM operation: BulkRevokeBias
Event: 215.054 Executing VM operation: BulkRevokeBias done
Event: 215.054 Thread 0x00007f95168f8800 Thread exited: 0x00007f95168f8800
Event: 215.091 Executing VM operation: RevokeBias
Event: 215.092 Executing VM operation: RevokeBias done
Event: 215.092 Executing VM operation: RevokeBias
Event: 215.092 Executing VM operation: RevokeBias done
Event: 215.092 loading class java/lang/ProcessBuilder$NullOutputStream
Event: 215.092 loading class java/lang/ProcessBuilder$NullOutputStream done
Event: 215.092 Thread 0x00007f95179e6800 Thread exited: 0x00007f95179e6800


Dynamic libraries:
0x00007fff52123000 	/System/Library/Frameworks/Cocoa.framework/Versions/A/Cocoa
0x00007fff5de6b000 	/System/Library/Frameworks/Security.framework/Versions/A/Security
0x00007fff50db8000 	/System/Library/Frameworks/ApplicationServices.framework/Versions/A/ApplicationServices
0x00007fff7dfa5000 	/usr/lib/libz.1.dylib
0x00007fff7b888000 	/usr/lib/libSystem.B.dylib
0x00007fff7d13f000 	/usr/lib/libobjc.A.dylib
0x00007fff52919000 	/System/Library/Frameworks/CoreFoundation.framework/Versions/A/CoreFoundation
0x00007fff54bb8000 	/System/Library/Frameworks/Foundation.framework/Versions/C/Foundation
0x00007fff4ffb1000 	/System/Library/Frameworks/AppKit.framework/Versions/C/AppKit
0x00007fff5249e000 	/System/Library/Frameworks/CoreData.framework/Versions/A/CoreData
0x00007fff7535b000 	/System/Library/PrivateFrameworks/RemoteViewServices.framework/Versions/A/RemoteViewServices
0x00007fff795c8000 	/System/Library/PrivateFrameworks/UIFoundation.framework/Versions/A/UIFoundation
0x00007fff7acaa000 	/System/Library/PrivateFrameworks/XCTTargetBootstrap.framework/Versions/A/XCTTargetBootstrap
0x00007fff52831000 	/System/Library/Frameworks/CoreDisplay.framework/Versions/A/CoreDisplay
0x00007fff700b1000 	/System/Library/PrivateFrameworks/IconServices.framework/Versions/A/IconServices
0x00007fff574e1000 	/System/Library/Frameworks/Metal.framework/Versions/A/Metal
0x00007fff6762c000 	/System/Library/PrivateFrameworks/DesktopServicesPriv.framework/Versions/A/DesktopServicesPriv
0x00007fff7c4a2000 	/usr/lib/libenergytrace.dylib
0x00007fff77ab1000 	/System/Library/PrivateFrameworks/SkyLight.framework/Versions/A/SkyLight
0x00007fff52d5f000 	/System/Library/Frameworks/CoreGraphics.framework/Versions/A/CoreGraphics
0x00007fff4eb9b000 	/System/Library/Frameworks/Accelerate.framework/Versions/A/Accelerate
0x00007fff55300000 	/System/Library/Frameworks/IOSurface.framework/Versions/A/IOSurface
0x00007fff67498000 	/System/Library/PrivateFrameworks/DFRFoundation.framework/Versions/A/DFRFoundation
0x00007fff5129b000 	/System/Library/Frameworks/AudioToolbox.framework/Versions/A/AudioToolbox
0x00007fff51514000 	/System/Library/Frameworks/AudioUnit.framework/Versions/A/AudioUnit
0x00007fff6752d000 	/System/Library/PrivateFrameworks/DataDetectorsCore.framework/Versions/A/DataDetectorsCore
0x00007fff51c27000 	/System/Library/Frameworks/Carbon.framework/Versions/A/Frameworks/HIToolbox.framework/Versions/A/HIToolbox
0x00007fff7c5fb000 	/usr/lib/libicucore.A.dylib
0x00007fff5d3e0000 	/System/Library/Frameworks/QuartzCore.framework/Versions/A/QuartzCore
0x00007fff51ffb000 	/System/Library/Frameworks/Carbon.framework/Versions/A/Frameworks/SpeechRecognition.framework/Versions/A/SpeechRecognition
0x00007fff7ba5c000 	/usr/lib/libauto.dylib
0x00007fff7de99000 	/usr/lib/libxml2.2.dylib
0x00007fff67075000 	/System/Library/PrivateFrameworks/CoreUI.framework/Versions/A/CoreUI
0x00007fff52389000 	/System/Library/Frameworks/CoreAudio.framework/Versions/A/CoreAudio
0x00007fff549ed000 	/System/Library/Frameworks/DiskArbitration.framework/Versions/A/DiskArbitration
0x00007fff7c8a9000 	/usr/lib/liblangid.dylib
0x00007fff714bc000 	/System/Library/PrivateFrameworks/MultitouchSupport.framework/Versions/A/MultitouchSupport
0x00007fff5526f000 	/System/Library/Frameworks/IOKit.framework/Versions/A/IOKit
0x00007fff7b449000 	/usr/lib/libDiagnosticMessagesClient.dylib
0x00007fff53b8b000 	/System/Library/Frameworks/CoreServices.framework/Versions/A/CoreServices
0x00007fff73163000 	/System/Library/PrivateFrameworks/PerformanceAnalysis.framework/Versions/A/PerformanceAnalysis
0x00007fff5c5ce000 	/System/Library/Frameworks/OpenGL.framework/Versions/A/OpenGL
0x00007fff52131000 	/System/Library/Frameworks/ColorSync.framework/Versions/A/ColorSync
0x00007fff5340d000 	/System/Library/Frameworks/CoreImage.framework/Versions/A/CoreImage
0x00007fff54564000 	/System/Library/Frameworks/CoreText.framework/Versions/A/CoreText
0x00007fff55363000 	/System/Library/Frameworks/ImageIO.framework/Versions/A/ImageIO
0x00007fff636ca000 	/System/Library/PrivateFrameworks/Backup.framework/Versions/A/Backup
0x00007fff7b92f000 	/usr/lib/libarchive.2.dylib
0x00007fff5186c000 	/System/Library/Frameworks/CFNetwork.framework/Versions/A/CFNetwork
0x00007fff5e5c5000 	/System/Library/Frameworks/SystemConfiguration.framework/Versions/A/SystemConfiguration
0x00007fff7b37a000 	/usr/lib/libCRFSuite.dylib
0x00007fff7bb4b000 	/usr/lib/libc++.1.dylib
0x00007fff7bb9f000 	/usr/lib/libc++abi.dylib
0x00007fff7e79b000 	/usr/lib/system/libcache.dylib
0x00007fff7e7a0000 	/usr/lib/system/libcommonCrypto.dylib
0x00007fff7e7ab000 	/usr/lib/system/libcompiler_rt.dylib
0x00007fff7e7b3000 	/usr/lib/system/libcopyfile.dylib
0x00007fff7e7bd000 	/usr/lib/system/libcorecrypto.dylib
0x00007fff7e8c8000 	/usr/lib/system/libdispatch.dylib
0x00007fff7e902000 	/usr/lib/system/libdyld.dylib
0x00007fff7e92f000 	/usr/lib/system/libkeymgr.dylib
0x00007fff7e93d000 	/usr/lib/system/liblaunch.dylib
0x00007fff7e93e000 	/usr/lib/system/libmacho.dylib
0x00007fff7e944000 	/usr/lib/system/libquarantine.dylib
0x00007fff7e947000 	/usr/lib/system/libremovefile.dylib
0x00007fff7e949000 	/usr/lib/system/libsystem_asl.dylib
0x00007fff7e961000 	/usr/lib/system/libsystem_blocks.dylib
0x00007fff7e962000 	/usr/lib/system/libsystem_c.dylib
0x00007fff7e9ea000 	/usr/lib/system/libsystem_configuration.dylib
0x00007fff7e9ee000 	/usr/lib/system/libsystem_coreservices.dylib
0x00007fff7e9f2000 	/usr/lib/system/libsystem_darwin.dylib
0x00007fff7e9f9000 	/usr/lib/system/libsystem_dnssd.dylib
0x00007fff7ea00000 	/usr/lib/system/libsystem_info.dylib
0x00007fff7ea75000 	/usr/lib/system/libsystem_m.dylib
0x00007fff7eac1000 	/usr/lib/system/libsystem_malloc.dylib
0x00007fff7eaec000 	/usr/lib/system/libsystem_networkextension.dylib
0x00007fff7eaf7000 	/usr/lib/system/libsystem_notify.dylib
0x00007fff7eb14000 	/usr/lib/system/libsystem_sandbox.dylib
0x00007fff7eb18000 	/usr/lib/system/libsystem_secinit.dylib
0x00007fff7ea4c000 	/usr/lib/system/libsystem_kernel.dylib
0x00007fff7eaff000 	/usr/lib/system/libsystem_platform.dylib
0x00007fff7eb09000 	/usr/lib/system/libsystem_pthread.dylib
0x00007fff7eb1b000 	/usr/lib/system/libsystem_symptoms.dylib
0x00007fff7eb23000 	/usr/lib/system/libsystem_trace.dylib
0x00007fff7eb3a000 	/usr/lib/system/libunwind.dylib
0x00007fff7eb40000 	/usr/lib/system/libxpc.dylib
0x00007fff7bb2c000 	/usr/lib/libbsm.0.dylib
0x00007fff7e930000 	/usr/lib/system/libkxld.dylib
0x00007fff62abb000 	/System/Library/PrivateFrameworks/AppleFSCompression.framework/Versions/A/AppleFSCompression
0x00007fff7b748000 	/usr/lib/libOpenScriptingUtil.dylib
0x00007fff7be54000 	/usr/lib/libcoretls.dylib
0x00007fff7be6b000 	/usr/lib/libcoretls_cfhelpers.dylib
0x00007fff7d8d9000 	/usr/lib/libpam.2.dylib
0x00007fff7da99000 	/usr/lib/libsqlite3.dylib
0x00007fff7de87000 	/usr/lib/libxar.1.dylib
0x00007fff7bb3d000 	/usr/lib/libbz2.1.0.dylib
0x00007fff7c8ab000 	/usr/lib/liblzma.5.dylib
0x00007fff7cd5c000 	/usr/lib/libnetwork.dylib
0x00007fff7b918000 	/usr/lib/libapple_nghttp2.dylib
0x00007fff7d8e0000 	/usr/lib/libpcap.A.dylib
0x00007fff53f2a000 	/System/Library/Frameworks/CoreServices.framework/Versions/A/Frameworks/FSEvents.framework/Versions/A/FSEvents
0x00007fff53c09000 	/System/Library/Frameworks/CoreServices.framework/Versions/A/Frameworks/CarbonCore.framework/Versions/A/CarbonCore
0x00007fff540e6000 	/System/Library/Frameworks/CoreServices.framework/Versions/A/Frameworks/Metadata.framework/Versions/A/Metadata
0x00007fff54185000 	/System/Library/Frameworks/CoreServices.framework/Versions/A/Frameworks/OSServices.framework/Versions/A/OSServices
0x00007fff541d0000 	/System/Library/Frameworks/CoreServices.framework/Versions/A/Frameworks/SearchKit.framework/Versions/A/SearchKit
0x00007fff53b8c000 	/System/Library/Frameworks/CoreServices.framework/Versions/A/Frameworks/AE.framework/Versions/A/AE
0x00007fff53f33000 	/System/Library/Frameworks/CoreServices.framework/Versions/A/Frameworks/LaunchServices.framework/Versions/A/LaunchServices
0x00007fff53ee1000 	/System/Library/Frameworks/CoreServices.framework/Versions/A/Frameworks/DictionaryServices.framework/Versions/A/DictionaryServices
0x00007fff54238000 	/System/Library/Frameworks/CoreServices.framework/Versions/A/Frameworks/SharedFileList.framework/Versions/A/SharedFileList
0x00007fff585a9000 	/System/Library/Frameworks/NetFS.framework/Versions/A/NetFS
0x00007fff71722000 	/System/Library/PrivateFrameworks/NetAuth.framework/Versions/A/NetAuth
0x00007fff7b0ae000 	/System/Library/PrivateFrameworks/login.framework/Versions/A/Frameworks/loginsupport.framework/Versions/A/loginsupport
0x00007fff791d1000 	/System/Library/PrivateFrameworks/TCC.framework/Versions/A/TCC
0x00007fff666d2000 	/System/Library/PrivateFrameworks/CoreNLP.framework/Versions/A/CoreNLP
0x00007fff711b8000 	/System/Library/PrivateFrameworks/MetadataUtilities.framework/Versions/A/MetadataUtilities
0x00007fff7c980000 	/usr/lib/libmecabra.dylib
0x00007fff50db9000 	/System/Library/Frameworks/ApplicationServices.framework/Versions/A/Frameworks/ATS.framework/Versions/A/ATS
0x00007fff51108000 	/System/Library/Frameworks/ApplicationServices.framework/Versions/A/Frameworks/ColorSyncLegacy.framework/Versions/A/ColorSyncLegacy
0x00007fff511a7000 	/System/Library/Frameworks/ApplicationServices.framework/Versions/A/Frameworks/HIServices.framework/Versions/A/HIServices
0x00007fff511fa000 	/System/Library/Frameworks/ApplicationServices.framework/Versions/A/Frameworks/LangAnalysis.framework/Versions/A/LangAnalysis
0x00007fff5120a000 	/System/Library/Frameworks/ApplicationServices.framework/Versions/A/Frameworks/PrintCore.framework/Versions/A/PrintCore
0x00007fff51254000 	/System/Library/Frameworks/ApplicationServices.framework/Versions/A/Frameworks/QD.framework/Versions/A/QD
0x00007fff5128e000 	/System/Library/Frameworks/ApplicationServices.framework/Versions/A/Frameworks/SpeechSynthesis.framework/Versions/A/SpeechSynthesis
0x00007fff7bbc7000 	/usr/lib/libcompression.dylib
0x00007fff577b1000 	/System/Library/Frameworks/MetalPerformanceShaders.framework/Versions/A/MetalPerformanceShaders
0x00007fff4ebb3000 	/System/Library/Frameworks/Accelerate.framework/Versions/A/Frameworks/vImage.framework/Versions/A/vImage
0x00007fff4fe0f000 	/System/Library/Frameworks/Accelerate.framework/Versions/A/Frameworks/vecLib.framework/Versions/A/vecLib
0x00007fff4fc9a000 	/System/Library/Frameworks/Accelerate.framework/Versions/A/Frameworks/vecLib.framework/Versions/A/libvMisc.dylib
0x00007fff4faf9000 	/System/Library/Frameworks/Accelerate.framework/Versions/A/Frameworks/vecLib.framework/Versions/A/libvDSP.dylib
0x00007fff4f4a8000 	/System/Library/Frameworks/Accelerate.framework/Versions/A/Frameworks/vecLib.framework/Versions/A/libBLAS.dylib
0x00007fff4f694000 	/System/Library/Frameworks/Accelerate.framework/Versions/A/Frameworks/vecLib.framework/Versions/A/libLAPACK.dylib
0x00007fff4fa4d000 	/System/Library/Frameworks/Accelerate.framework/Versions/A/Frameworks/vecLib.framework/Versions/A/libLinearAlgebra.dylib
0x00007fff4fae6000 	/System/Library/Frameworks/Accelerate.framework/Versions/A/Frameworks/vecLib.framework/Versions/A/libSparseBLAS.dylib
0x00007fff4fa63000 	/System/Library/Frameworks/Accelerate.framework/Versions/A/Frameworks/vecLib.framework/Versions/A/libQuadrature.dylib
0x00007fff4f64f000 	/System/Library/Frameworks/Accelerate.framework/Versions/A/Frameworks/vecLib.framework/Versions/A/libBNNS.dylib
0x00007fff4fa69000 	/System/Library/Frameworks/Accelerate.framework/Versions/A/Frameworks/vecLib.framework/Versions/A/libSparse.dylib
0x00007fff6da14000 	/System/Library/PrivateFrameworks/GPUWrangler.framework/Versions/A/GPUWrangler
0x00007fff6fce6000 	/System/Library/PrivateFrameworks/IOAccelerator.framework/Versions/A/IOAccelerator
0x00007fff6fcf1000 	/System/Library/PrivateFrameworks/IOPresentment.framework/Versions/A/IOPresentment
0x00007fff674a8000 	/System/Library/PrivateFrameworks/DSExternalDisplay.framework/Versions/A/DSExternalDisplay
0x00007fff5ba25000 	/System/Library/Frameworks/OpenGL.framework/Versions/A/Libraries/libCoreFSCache.dylib
0x00007fff575a5000 	/System/Library/Frameworks/MetalPerformanceShaders.framework/Frameworks/MPSCore.framework/Versions/A/MPSCore
0x00007fff575c5000 	/System/Library/Frameworks/MetalPerformanceShaders.framework/Frameworks/MPSImage.framework/Versions/A/MPSImage
0x00007fff5766a000 	/System/Library/Frameworks/MetalPerformanceShaders.framework/Frameworks/MPSNeuralNetwork.framework/Versions/A/MPSNeuralNetwork
0x00007fff57642000 	/System/Library/Frameworks/MetalPerformanceShaders.framework/Frameworks/MPSMatrix.framework/Versions/A/MPSMatrix
0x00007fff57796000 	/System/Library/Frameworks/MetalPerformanceShaders.framework/Frameworks/MPSRayIntersector.framework/Versions/A/MPSRayIntersector
0x00007fff711e1000 	/System/Library/PrivateFrameworks/MetalTools.framework/Versions/A/MetalTools
0x00007fff62368000 	/System/Library/PrivateFrameworks/AggregateDictionary.framework/Versions/A/AggregateDictionary
0x00007fff7b729000 	/usr/lib/libMobileGestalt.dylib
0x00007fff546c7000 	/System/Library/Frameworks/CoreVideo.framework/Versions/A/CoreVideo
0x00007fff6e824000 	/System/Library/PrivateFrameworks/GraphVisualizer.framework/Versions/A/GraphVisualizer
0x00007fff686a4000 	/System/Library/PrivateFrameworks/FaceCore.framework/Versions/A/FaceCore
0x00007fff5b053000 	/System/Library/Frameworks/OpenCL.framework/Versions/A/OpenCL
0x00007fff7b481000 	/usr/lib/libFosl_dynamic.dylib
0x00007fff71f8d000 	/System/Library/PrivateFrameworks/OTSVG.framework/Versions/A/OTSVG
0x00007fff50ebd000 	/System/Library/Frameworks/ApplicationServices.framework/Versions/A/Frameworks/ATS.framework/Versions/A/Resources/libFontParser.dylib
0x00007fff50fd5000 	/System/Library/Frameworks/ApplicationServices.framework/Versions/A/Frameworks/ATS.framework/Versions/A/Resources/libFontRegistry.dylib
0x00007fff555d5000 	/System/Library/Frameworks/ImageIO.framework/Versions/A/Resources/libJPEG.dylib
0x00007fff558e8000 	/System/Library/Frameworks/ImageIO.framework/Versions/A/Resources/libTIFF.dylib
0x00007fff558be000 	/System/Library/Frameworks/ImageIO.framework/Versions/A/Resources/libPng.dylib
0x00007fff554f2000 	/System/Library/Frameworks/ImageIO.framework/Versions/A/Resources/libGIF.dylib
0x00007fff554f7000 	/System/Library/Frameworks/ImageIO.framework/Versions/A/Resources/libJP2.dylib
0x00007fff558e5000 	/System/Library/Frameworks/ImageIO.framework/Versions/A/Resources/libRadiance.dylib
0x00007fff62c12000 	/System/Library/PrivateFrameworks/AppleJPEG.framework/Versions/A/AppleJPEG
0x00007fff5ba30000 	/System/Library/Frameworks/OpenGL.framework/Versions/A/Libraries/libGFXShared.dylib
0x00007fff5bbf3000 	/System/Library/Frameworks/OpenGL.framework/Versions/A/Libraries/libGLU.dylib
0x00007fff5ba39000 	/System/Library/Frameworks/OpenGL.framework/Versions/A/Libraries/libGL.dylib
0x00007fff5ba45000 	/System/Library/Frameworks/OpenGL.framework/Versions/A/Libraries/libGLImage.dylib
0x00007fff5ba22000 	/System/Library/Frameworks/OpenGL.framework/Versions/A/Libraries/libCVMSPluginSupport.dylib
0x00007fff5ba2b000 	/System/Library/Frameworks/OpenGL.framework/Versions/A/Libraries/libCoreVMClient.dylib
0x00007fff7c318000 	/usr/lib/libcups.2.dylib
0x00007fff56aac000 	/System/Library/Frameworks/Kerberos.framework/Versions/A/Kerberos
0x00007fff54fd4000 	/System/Library/Frameworks/GSS.framework/Versions/A/GSS
0x00007fff7da2e000 	/usr/lib/libresolv.9.dylib
0x00007fff7c50a000 	/usr/lib/libiconv.2.dylib
0x00007fff6e983000 	/System/Library/PrivateFrameworks/Heimdal.framework/Versions/A/Heimdal
0x00007fff7c4da000 	/usr/lib/libheimdal-asn1.dylib
0x00007fff5b0c7000 	/System/Library/Frameworks/OpenDirectory.framework/Versions/A/OpenDirectory
0x00007fff65437000 	/System/Library/PrivateFrameworks/CommonAuth.framework/Versions/A/CommonAuth
0x00007fff5b0ab000 	/System/Library/Frameworks/OpenDirectory.framework/Versions/A/Frameworks/CFOpenDirectory.framework/Versions/A/CFOpenDirectory
0x00007fff5e16b000 	/System/Library/Frameworks/SecurityFoundation.framework/Versions/A/SecurityFoundation
0x00007fff618b1000 	/System/Library/PrivateFrameworks/APFS.framework/Versions/A/APFS
0x00007fff7de83000 	/usr/lib/libutil.dylib
0x00007fff7bbb5000 	/usr/lib/libcharset.1.dylib
0x00007fff62eaf000 	/System/Library/PrivateFrameworks/AppleSauce.framework/Versions/A/AppleSauce
0x00007fff63030000 	/System/Library/PrivateFrameworks/AssertionServices.framework/Versions/A/AssertionServices
0x00007fff63760000 	/System/Library/PrivateFrameworks/BaseBoard.framework/Versions/A/BaseBoard
0x00007fff7c8db000 	/usr/lib/libmecab.1.0.0.dylib
0x00007fff7c4d4000 	/usr/lib/libgermantok.dylib
0x00007fff7b905000 	/usr/lib/libThaiTokenizer.dylib
0x00007fff7b3b1000 	/usr/lib/libChineseTokenizer.dylib
0x00007fff7039f000 	/System/Library/PrivateFrameworks/LanguageModeling.framework/Versions/A/LanguageModeling
0x00007fff66118000 	/System/Library/PrivateFrameworks/CoreEmoji.framework/Versions/A/CoreEmoji
0x00007fff7047b000 	/System/Library/PrivateFrameworks/Lexicon.framework/Versions/A/Lexicon
0x00007fff704be000 	/System/Library/PrivateFrameworks/LinguisticData.framework/Versions/A/LinguisticData
0x00007fff7bbb6000 	/usr/lib/libcmph.dylib
0x00007fff5e229000 	/System/Library/Frameworks/ServiceManagement.framework/Versions/A/ServiceManagement
0x00007fff636c1000 	/System/Library/PrivateFrameworks/BackgroundTaskManagement.framework/Versions/A/BackgroundTaskManagement
0x00007fff7df7c000 	/usr/lib/libxslt.1.dylib
0x00007fff51f28000 	/System/Library/Frameworks/Carbon.framework/Versions/A/Frameworks/Ink.framework/Versions/A/Ink
0x00007fff79443000 	/System/Library/PrivateFrameworks/TextureIO.framework/Versions/A/TextureIO
0x00007fff7b959000 	/usr/lib/libate.dylib
0x00007fff673f7000 	/System/Library/PrivateFrameworks/CrashReporterSupport.framework/Versions/A/CrashReporterSupport
0x00007fff76b82000 	/System/Library/PrivateFrameworks/Sharing.framework/Versions/A/Sharing
0x00007fff63413000 	/System/Library/PrivateFrameworks/AuthKit.framework/Versions/A/AuthKit
0x00007fff62967000 	/System/Library/PrivateFrameworks/Apple80211.framework/Versions/A/Apple80211
0x00007fff671a1000 	/System/Library/PrivateFrameworks/CoreUtils.framework/Versions/A/CoreUtils
0x00007fff54707000 	/System/Library/Frameworks/CoreWLAN.framework/Versions/A/CoreWLAN
0x00007fff55103000 	/System/Library/Frameworks/IOBluetooth.framework/Versions/A/IOBluetooth
0x00007fff75002000 	/System/Library/PrivateFrameworks/ProtocolBuffer.framework/Versions/A/ProtocolBuffer
0x00007fff71418000 	/System/Library/PrivateFrameworks/MobileKeyBag.framework/Versions/A/MobileKeyBag
0x00007fff669e5000 	/System/Library/PrivateFrameworks/CorePhoneNumbers.framework/Versions/A/CorePhoneNumbers
0x00007fff62bc6000 	/System/Library/PrivateFrameworks/AppleIDAuthSupport.framework/Versions/A/AppleIDAuthSupport
0x00007fff70372000 	/System/Library/PrivateFrameworks/KeychainCircle.framework/Versions/A/KeychainCircle
0x00007fff751b8000 	/System/Library/PrivateFrameworks/ROCKit.framework/Versions/A/ROCKit
0x00007fff67393000 	/System/Library/PrivateFrameworks/CoreWiFi.framework/Versions/A/CoreWiFi
0x00007fff52473000 	/System/Library/Frameworks/CoreBluetooth.framework/Versions/A/CoreBluetooth
0x00007fff675ee000 	/System/Library/PrivateFrameworks/DebugSymbols.framework/Versions/A/DebugSymbols
0x00007fff66f61000 	/System/Library/PrivateFrameworks/CoreSymbolication.framework/Versions/A/CoreSymbolication
0x00007fff78c5e000 	/System/Library/PrivateFrameworks/Symbolication.framework/Versions/A/Symbolication
0x00007fff78501000 	/System/Library/PrivateFrameworks/SpeechRecognitionCore.framework/Versions/A/SpeechRecognitionCore
0x0000000105000000 	/Library/Java/JavaVirtualMachines/jdk1.8.0_181.jdk/Contents/Home/jre/lib/server/libjvm.dylib
0x00007fff7dd5e000 	/usr/lib/libstdc++.6.dylib
0x0000000104718000 	/Library/Java/JavaVirtualMachines/jdk1.8.0_181.jdk/Contents/Home/jre/lib/libverify.dylib
0x0000000104726000 	/Library/Java/JavaVirtualMachines/jdk1.8.0_181.jdk/Contents/Home/jre/lib/libjava.dylib
0x0000000104765000 	/Library/Java/JavaVirtualMachines/jdk1.8.0_181.jdk/Contents/Home/jre/lib/libzip.dylib
0x000000010dbe3000 	/Library/Java/JavaVirtualMachines/jdk1.8.0_181.jdk/Contents/Home/jre/lib/libmanagement.dylib
0x000000010dd2d000 	/Library/Java/JavaVirtualMachines/jdk1.8.0_181.jdk/Contents/Home/jre/lib/libnet.dylib
0x000000010e04b000 	/Library/Java/JavaVirtualMachines/jdk1.8.0_181.jdk/Contents/Home/jre/lib/libnio.dylib
0x000000010dd6e000 	/Library/Java/JavaVirtualMachines/jdk1.8.0_181.jdk/Contents/Home/jre/lib/libsunec.dylib

VM Arguments:
jvm_args: -Dwebdriver.chrome.driver=/Users/miso/Documents/MaestriaUniandes/3er_Semestre/Pruebas/workercucumber/node_modules/selenium-standalone/.selenium/chromedriver/2.43-x64-chromedriver -Dwebdriver.gecko.driver=/Users/miso/Documents/MaestriaUniandes/3er_Semestre/Pruebas/workercucumber/node_modules/selenium-standalone/.selenium/geckodriver/0.23.0-x64-geckodriver 
java_command: /Users/miso/Documents/MaestriaUniandes/3er_Semestre/Pruebas/workercucumber/node_modules/selenium-standalone/.selenium/selenium-server/3.141.5-server.jar
java_class_path (initial): /Users/miso/Documents/MaestriaUniandes/3er_Semestre/Pruebas/workercucumber/node_modules/selenium-standalone/.selenium/selenium-server/3.141.5-server.jar
Launcher Type: SUN_STANDARD

Environment Variables:
PATH=/usr/local/lib/node_modules/npm/node_modules/npm-lifecycle/node-gyp-bin:/Users/miso/Documents/MaestriaUniandes/3er_Semestre/Pruebas/workercucumber/node_modules/.bin:/usr/local/lib/node_modules/npm/node_modules/npm-lifecycle/node-gyp-bin:/Users/miso/Documents/MaestriaUniandes/3er_Semestre/Pruebas/workercucumber/node_modules/.bin:/usr/local/bin:/usr/bin:/bin:/usr/sbin:/sbin
USERNAME=root
SHELL=/bin/sh

Signal Handlers:
SIGSEGV: [libjvm.dylib+0x5b6029], sa_mask[0]=11111111011111110111111111111111, sa_flags=SA_ONSTACK|SA_RESTART|SA_SIGINFO
SIGBUS: [libjvm.dylib+0x5b6029], sa_mask[0]=11111111011111110111111111111111, sa_flags=SA_RESTART|SA_SIGINFO
SIGFPE: [libjvm.dylib+0x48b934], sa_mask[0]=11111111011111110111111111111111, sa_flags=SA_RESTART|SA_SIGINFO
SIGPIPE: [libjvm.dylib+0x48b934], sa_mask[0]=11111111011111110111111111111111, sa_flags=SA_RESTART|SA_SIGINFO
SIGXFSZ: [libjvm.dylib+0x48b934], sa_mask[0]=11111111011111110111111111111111, sa_flags=SA_RESTART|SA_SIGINFO
SIGILL: [libjvm.dylib+0x48b934], sa_mask[0]=11111111011111110111111111111111, sa_flags=SA_RESTART|SA_SIGINFO
SIGUSR1: SIG_DFL, sa_mask[0]=00000000000000000000000000000000, sa_flags=SA_RESTART
SIGUSR2: [libjvm.dylib+0x48b452], sa_mask[0]=00000000000000000000000000000000, sa_flags=SA_RESTART|SA_SIGINFO
SIGHUP: [libjvm.dylib+0x489a1d], sa_mask[0]=11111111011111110111111111111111, sa_flags=SA_RESTART|SA_SIGINFO
SIGINT: [libjvm.dylib+0x489a1d], sa_mask[0]=11111111011111110111111111111111, sa_flags=SA_RESTART|SA_SIGINFO
SIGTERM: [libjvm.dylib+0x489a1d], sa_mask[0]=11111111011111110111111111111111, sa_flags=SA_RESTART|SA_SIGINFO
SIGQUIT: [libjvm.dylib+0x489a1d], sa_mask[0]=11111111011111110111111111111111, sa_flags=SA_RESTART|SA_SIGINFO


---------------  S Y S T E M  ---------------

OS:Bsduname:Darwin 18.6.0 Darwin Kernel Version 18.6.0: Thu Apr 25 23:16:27 PDT 2019; root:xnu-4903.261.4~2/RELEASE_X86_64 x86_64
rlimit: STACK 8192k, CORE 0k, NPROC 709, NOFILE 10240, AS infinity
load average:3.96 3.98 4.02

CPU:total 4 (initial active 4) (2 cores per cpu, 2 threads per core) family 6 model 58 stepping 9, cmov, cx8, fxsr, mmx, sse, sse2, sse3, ssse3, sse4.1, sse4.2, popcnt, avx, aes, clmul, erms, ht, tsc, tscinvbit, tscinv

Memory: 4k page, physical 10485760k(791656k free)

/proc/meminfo:


vm_info: Java HotSpot(TM) 64-Bit Server VM (25.181-b13) for bsd-amd64 JRE (1.8.0_181-b13), built on Jul  7 2018 01:02:31 by "java_re" with gcc 4.2.1 (Based on Apple Inc. build 5658) (LLVM build 2336.11.00)

time: Fri Oct 11 10:59:02 2019
elapsed time: 220 seconds (0d 0h 3m 40s)

