#
# A fatal error has been detected by the Java Runtime Environment:
#
#  SIGSEGV (0xb) at pc=0x00007f263b906452, pid=16326, tid=0x00007f263cdf3380
#
# JRE version: OpenJDK Runtime Environment (8.0_222-b10) (build 1.8.0_222-8u222-b10-1ubuntu1~18.04.1-b10)
# Java VM: OpenJDK 64-Bit Server VM (25.222-b10 mixed mode linux-amd64 compressed oops)
# Problematic frame:
# V  [libjvm.so+0x8ee452]
#
# Failed to write core dump. Core dumps have been disabled. To enable core dumping, try "ulimit -c unlimited" before starting Java again
#
# If you would like to submit a bug report, please visit:
#   http://bugreport.java.com/bugreport/crash.jsp
#

---------------  T H R E A D  ---------------

Current thread is native thread

siginfo: si_signo: 11 (SIGSEGV), si_code: 1 (SEGV_MAPERR), si_addr: 0x0000000000000110

Registers:
RAX=0x0000000000000000, RBX=0x00007f263cdf1700, RCX=0x00007f263bfacd2d, RDX=0x00007f263cdf36a0
RSP=0x00007ffeb38205b0, RBP=0x00007ffeb3820670, RSI=0x00007ffeb38207b0, RDI=0x0000000000000001
R8 =0x00000000000000ca, R9 =0x00007f263cdf19d0, R10=0x0000000000000000, R11=0x0000000000000246
R12=0x00007f263cdf3300, R13=0x0000000000000000, R14=0x00007ffeb38207b0, R15=0x00007ffeb3820680
RIP=0x00007f263b906452, EFLAGS=0x0000000000010246, CSGSFS=0x002b000000000033, ERR=0x0000000000000004
  TRAPNO=0x000000000000000e

Top of Stack: (sp=0x00007ffeb38205b0)
0x00007ffeb38205b0:   00007ffeb38205f0 00007ffeb38205f0
0x00007ffeb38205c0:   00007ffeb3820890 00007f263bb4171f
0x00007ffeb38205d0:   00007ffeb38207b0 0000000000000001
0x00007ffeb38205e0:   000000000000003f 00007f263c716169
0x00007ffeb38205f0:   00007ffefbad8001 00007ffeb3820890
0x00007ffeb3820600:   00007ffeb3820890 00007ffeb3820890
0x00007ffeb3820610:   00007ffeb3820890 00007ffeb382089f
0x00007ffeb3820620:   00007ffeb38208cf 00007ffeb3820890
0x00007ffeb3820630:   00007ffeb38208cf e9b26de0c4090000
0x00007ffeb3820640:   0000000000000000 00007f263cdf1700
0x00007ffeb3820650:   0000000000000000 00007ffeb3820d30
0x00007ffeb3820660:   0000000000000000 0000556cc9616560
0x00007ffeb3820670:   00007ffeb3820d98 00007f263c622f20
0x00007ffeb3820680:   0000000000000007 0000000000000000
0x00007ffeb3820690:   0000000000000000 00007f2600000002
0x00007ffeb38206a0:   0000000000000000 00000000000000ca
0x00007ffeb38206b0:   00007f263cdf19d0 0000000000000000
0x00007ffeb38206c0:   0000000000000246 0000000000000000
0x00007ffeb38206d0:   00007ffeb3820d30 0000000000000000
0x00007ffeb38206e0:   0000556cc9616560 00007f263cdf19d0
0x00007ffeb38206f0:   0000000000000000 00007ffeb3820d98
0x00007ffeb3820700:   00007f263cdf1700 0000000000003fc7
0x00007ffeb3820710:   00000000000000ca 00007f263bfacd2d
0x00007ffeb3820720:   00007ffeb3820d20 00007f263bfacd2b
0x00007ffeb3820730:   0000000000000246 002b000000000033
0x00007ffeb3820740:   0000000000000000 0000000000000000
0x00007ffeb3820750:   0000000000000000 0000000000000000
0x00007ffeb3820760:   00007ffeb3820840 00007f263ce0a090
0x00007ffeb3820770:   0000000000000004 00007f263cbeef5f
0x00007ffeb3820780:   00007f263ce0a590 00007f263cbef1ef
0x00007ffeb3820790:   0000000000000002 00007f263bfa6f58
0x00007ffeb38207a0:   000000000017501c 0000000000000000 

Instructions: (pc=0x00007f263b906452)
0x00007f263b906432:   00 48 89 45 c8 31 c0 e8 52 0c 90 ff 44 8b 28 49
0x00007f263b906442:   89 c4 48 8d 05 fd 90 65 00 8b 38 e8 c6 0e 90 ff
0x00007f263b906452:   48 8b 98 10 01 00 00 8b 83 a8 00 00 00 83 f8 01
0x00007f263b906462:   74 2c 48 8b 45 c8 64 48 33 04 25 28 00 00 00 45 

Register to memory mapping:

RAX=0x0000000000000000 is an unknown value
RBX=0x00007f263cdf1700 is pointing into the stack for thread: 0x00007f263400b800
RCX=0x00007f263bfacd2d: <offset 0x8d2d> in /lib/x86_64-linux-gnu/libpthread.so.0 at 0x00007f263bfa4000
RDX=0x00007f263cdf36a0 is an unknown value
RSP=0x00007ffeb38205b0 is an unknown value
RBP=0x00007ffeb3820670 is an unknown value
RSI=0x00007ffeb38207b0 is an unknown value
RDI=0x0000000000000001 is an unknown value
R8 =0x00000000000000ca is an unknown value
R9 =0x00007f263cdf19d0 is pointing into the stack for thread: 0x00007f263400b800
R10=0x0000000000000000 is an unknown value
R11=0x0000000000000246 is an unknown value
R12=0x00007f263cdf3300 is an unknown value
R13=0x0000000000000000 is an unknown value
R14=0x00007ffeb38207b0 is an unknown value
R15=0x00007ffeb3820680 is an unknown value


Stack: [0x00007ffeb372a000,0x00007ffeb382a000],  sp=0x00007ffeb38205b0,  free space=985k
Native frames: (J=compiled Java code, j=interpreted, Vv=VM code, C=native code)
V  [libjvm.so+0x8ee452]
C  [libc.so.6+0x3ef20]


---------------  P R O C E S S  ---------------

VM state:not at safepoint (normal execution)

VM Mutex/Monitor currently owned by a thread: None

heap address: 0x00000006c7800000, size: 3976 MB, Compressed Oops mode: Zero based, Oop shift amount: 3
Narrow klass base: 0x0000000000000000, Narrow klass shift: 3
Compressed class space size: 1073741824 Address: 0x00000007c0000000

Heap:
 PSYoungGen      total 74752K, used 17165K [0x000000076d300000, 0x0000000772600000, 0x00000007c0000000)
  eden space 64512K, 26% used [0x000000076d300000,0x000000076e3c3420,0x0000000771200000)
  from space 10240K, 0% used [0x0000000771c00000,0x0000000771c00000,0x0000000772600000)
  to   space 10240K, 0% used [0x0000000771200000,0x0000000771200000,0x0000000771c00000)
 ParOldGen       total 114688K, used 7564K [0x00000006c7800000, 0x00000006ce800000, 0x000000076d300000)
  object space 114688K, 6% used [0x00000006c7800000,0x00000006c7f63358,0x00000006ce800000)
 Metaspace       used 21578K, capacity 22758K, committed 22912K, reserved 1069056K
  class space    used 2919K, capacity 3198K, committed 3200K, reserved 1048576K

Card table byte_map: [0x00007f2638ac3000,0x00007f2639288000] byte_map_base: 0x00007f2635487000

Marking Bits: (ParMarkBitMap*) 0x00007f263bf87360
 Begin Bits: [0x00007f25f43c0000, 0x00007f25f81e0000)
 End Bits:   [0x00007f25f81e0000, 0x00007f25fc000000)

Polling page: 0x00007f263ce08000

CodeCache: size=245760Kb used=5483Kb max_used=5483Kb free=240276Kb
 bounds [0x00007f2625000000, 0x00007f2625560000, 0x00007f2634000000]
 total_blobs=2236 nmethods=1770 adapters=379
 compilation: enabled

Compilation events (10 events):
Event: 5,752 Thread 0x00007f2634210800 1766       3       java.lang.Thread::isInterrupted (6 bytes)
Event: 5,752 Thread 0x00007f2634210800 nmethod 1766 0x00007f262555cf90 code [0x00007f262555d100, 0x00007f262555d288]
Event: 5,756 Thread 0x00007f2634210800 1767       3       sun.net.www.ParseUtil::match (50 bytes)
Event: 5,757 Thread 0x00007f2634210800 nmethod 1767 0x00007f262555d310 code [0x00007f262555d480, 0x00007f262555d750]
Event: 5,762 Thread 0x00007f2634210800 1768       3       java.lang.Character::digit (6 bytes)
Event: 5,762 Thread 0x00007f2634210800 nmethod 1768 0x00007f262555d7d0 code [0x00007f262555d960, 0x00007f262555dbf8]
Event: 5,763 Thread 0x00007f2634210800 1769       3       java.io.PrintStream::ensureOpen (18 bytes)
Event: 5,763 Thread 0x00007f2634210800 nmethod 1769 0x00007f262555dd10 code [0x00007f262555de80, 0x00007f262555e0c8]
Event: 5,774 Thread 0x00007f2634210800 1770       3       java.util.concurrent.SynchronousQueue$TransferStack::shouldSpin (30 bytes)
Event: 5,774 Thread 0x00007f2634210800 nmethod 1770 0x00007f262555e190 code [0x00007f262555e300, 0x00007f262555e5f0]

GC Heap History (6 events):
Event: 1,265 GC heap before
{Heap before GC invocations=1 (full 0):
 PSYoungGen      total 74752K, used 64512K [0x000000076d300000, 0x0000000772600000, 0x00000007c0000000)
  eden space 64512K, 100% used [0x000000076d300000,0x0000000771200000,0x0000000771200000)
  from space 10240K, 0% used [0x0000000771c00000,0x0000000771c00000,0x0000000772600000)
  to   space 10240K, 0% used [0x0000000771200000,0x0000000771200000,0x0000000771c00000)
 ParOldGen       total 171008K, used 0K [0x00000006c7800000, 0x00000006d1f00000, 0x000000076d300000)
  object space 171008K, 0% used [0x00000006c7800000,0x00000006c7800000,0x00000006d1f00000)
 Metaspace       used 17682K, capacity 18596K, committed 18944K, reserved 1064960K
  class space    used 2241K, capacity 2452K, committed 2560K, reserved 1048576K
Event: 1,274 GC heap after
Heap after GC invocations=1 (full 0):
 PSYoungGen      total 74752K, used 10210K [0x000000076d300000, 0x0000000772600000, 0x00000007c0000000)
  eden space 64512K, 0% used [0x000000076d300000,0x000000076d300000,0x0000000771200000)
  from space 10240K, 99% used [0x0000000771200000,0x0000000771bf8868,0x0000000771c00000)
  to   space 10240K, 0% used [0x0000000771c00000,0x0000000771c00000,0x0000000772600000)
 ParOldGen       total 171008K, used 352K [0x00000006c7800000, 0x00000006d1f00000, 0x000000076d300000)
  object space 171008K, 0% used [0x00000006c7800000,0x00000006c78580b0,0x00000006d1f00000)
 Metaspace       used 17682K, capacity 18596K, committed 18944K, reserved 1064960K
  class space    used 2241K, capacity 2452K, committed 2560K, reserved 1048576K
}
Event: 2,070 GC heap before
{Heap before GC invocations=2 (full 0):
 PSYoungGen      total 74752K, used 24954K [0x000000076d300000, 0x0000000772600000, 0x00000007c0000000)
  eden space 64512K, 22% used [0x000000076d300000,0x000000076e1660a8,0x0000000771200000)
  from space 10240K, 99% used [0x0000000771200000,0x0000000771bf8868,0x0000000771c00000)
  to   space 10240K, 0% used [0x0000000771c00000,0x0000000771c00000,0x0000000772600000)
 ParOldGen       total 171008K, used 352K [0x00000006c7800000, 0x00000006d1f00000, 0x000000076d300000)
  object space 171008K, 0% used [0x00000006c7800000,0x00000006c78580b0,0x00000006d1f00000)
 Metaspace       used 20189K, capacity 21228K, committed 21296K, reserved 1067008K
  class space    used 2640K, capacity 2894K, committed 2944K, reserved 1048576K
Event: 2,077 GC heap after
Heap after GC invocations=2 (full 0):
 PSYoungGen      total 74752K, used 7825K [0x000000076d300000, 0x0000000772600000, 0x00000007c0000000)
  eden space 64512K, 0% used [0x000000076d300000,0x000000076d300000,0x0000000771200000)
  from space 10240K, 76% used [0x0000000771c00000,0x00000007723a45d0,0x0000000772600000)
  to   space 10240K, 0% used [0x0000000771200000,0x0000000771200000,0x0000000771c00000)
 ParOldGen       total 171008K, used 360K [0x00000006c7800000, 0x00000006d1f00000, 0x000000076d300000)
  object space 171008K, 0% used [0x00000006c7800000,0x00000006c785a0b0,0x00000006d1f00000)
 Metaspace       used 20189K, capacity 21228K, committed 21296K, reserved 1067008K
  class space    used 2640K, capacity 2894K, committed 2944K, reserved 1048576K
}
Event: 2,077 GC heap before
{Heap before GC invocations=3 (full 1):
 PSYoungGen      total 74752K, used 7825K [0x000000076d300000, 0x0000000772600000, 0x00000007c0000000)
  eden space 64512K, 0% used [0x000000076d300000,0x000000076d300000,0x0000000771200000)
  from space 10240K, 76% used [0x0000000771c00000,0x00000007723a45d0,0x0000000772600000)
  to   space 10240K, 0% used [0x0000000771200000,0x0000000771200000,0x0000000771c00000)
 ParOldGen       total 171008K, used 360K [0x00000006c7800000, 0x00000006d1f00000, 0x000000076d300000)
  object space 171008K, 0% used [0x00000006c7800000,0x00000006c785a0b0,0x00000006d1f00000)
 Metaspace       used 20189K, capacity 21228K, committed 21296K, reserved 1067008K
  class space    used 2640K, capacity 2894K, committed 2944K, reserved 1048576K
Event: 2,107 GC heap after
Heap after GC invocations=3 (full 1):
 PSYoungGen      total 74752K, used 0K [0x000000076d300000, 0x0000000772600000, 0x00000007c0000000)
  eden space 64512K, 0% used [0x000000076d300000,0x000000076d300000,0x0000000771200000)
  from space 10240K, 0% used [0x0000000771c00000,0x0000000771c00000,0x0000000772600000)
  to   space 10240K, 0% used [0x0000000771200000,0x0000000771200000,0x0000000771c00000)
 ParOldGen       total 114688K, used 7564K [0x00000006c7800000, 0x00000006ce800000, 0x000000076d300000)
  object space 114688K, 6% used [0x00000006c7800000,0x00000006c7f63358,0x00000006ce800000)
 Metaspace       used 20189K, capacity 21228K, committed 21296K, reserved 1067008K
  class space    used 2640K, capacity 2894K, committed 2944K, reserved 1048576K
}

Deoptimization events (10 events):
Event: 1,262 Thread 0x00007f25a4016800 Uncommon trap: reason=unstable_if action=reinterpret pc=0x00007f26252dc814 method=sun.misc.URLClassPath$JarLoader.getResource(Ljava/lang/String;Z)Lsun/misc/Resource; @ 15
Event: 1,297 Thread 0x00007f25a4016800 Uncommon trap: reason=unstable_if action=reinterpret pc=0x00007f2625280b9c method=sun.nio.cs.UTF_8$Decoder.decode([BII[C)I @ 30
Event: 1,303 Thread 0x00007f25a4016800 Uncommon trap: reason=class_check action=maybe_recompile pc=0x00007f2625478c88 method=java.io.DataInputStream.readChar()C @ 4
Event: 1,303 Thread 0x00007f25a4016800 Uncommon trap: reason=class_check action=maybe_recompile pc=0x00007f2625478c88 method=java.io.DataInputStream.readChar()C @ 4
Event: 1,303 Thread 0x00007f25a4016800 Uncommon trap: reason=class_check action=maybe_recompile pc=0x00007f2625478c88 method=java.io.DataInputStream.readChar()C @ 4
Event: 1,303 Thread 0x00007f25a4016800 Uncommon trap: reason=class_check action=maybe_recompile pc=0x00007f2625478c88 method=java.io.DataInputStream.readChar()C @ 4
Event: 1,319 Thread 0x00007f25a4016800 Uncommon trap: reason=unstable_if action=reinterpret pc=0x00007f262542fe9c method=java.io.ByteArrayInputStream.read([BII)I @ 63
Event: 1,343 Thread 0x00007f25a4016800 Uncommon trap: reason=unstable_if action=reinterpret pc=0x00007f262544a048 method=java.lang.CharacterDataLatin1.digit(II)I @ 82
Event: 2,129 Thread 0x00007f25a4016800 Uncommon trap: reason=range_check action=make_not_entrant pc=0x00007f26254c8f48 method=sun.reflect.generics.parser.SignatureParser.current()C @ 34
Event: 2,378 Thread 0x00007f25a4016800 Uncommon trap: reason=unstable_if action=reinterpret pc=0x00007f26253c5e1c method=java.lang.CharacterDataLatin1.digit(II)I @ 82

Classes redefined (0 events):
No events

Internal exceptions (10 events):
Event: 1,046 Thread 0x00007f25a4016800 Exception <a 'java/lang/IncompatibleClassChangeError': Found class java.lang.Object, but interface was expected> (0x000000076fecf7a0) thrown at [/build/openjdk-8-OqY7zN/openjdk-8-8u222-b10/src/hotspot/src/share/vm/interpreter/linkResolver.cpp, line 653]
Event: 1,047 Thread 0x00007f25a4016800 Exception <a 'java/lang/NoSuchMethodError': java.lang.Object.lambda$or$2(Ljava/util/function/Predicate;Ljava/lang/Object;)Z> (0x000000076fed8ff0) thrown at [/build/openjdk-8-OqY7zN/openjdk-8-8u222-b10/src/hotspot/src/share/vm/interpreter/linkResolver.cpp,
Event: 1,108 Thread 0x00007f259c06f000 Exception <a 'java/net/ConnectException'> (0x000000077059d128) thrown at [/build/openjdk-8-OqY7zN/openjdk-8-8u222-b10/src/hotspot/src/share/vm/prims/jni.cpp, line 710]
Event: 1,119 Thread 0x00007f259c06f000 Exception <a 'java/net/ConnectException'> (0x000000077059e640) thrown at [/build/openjdk-8-OqY7zN/openjdk-8-8u222-b10/src/hotspot/src/share/vm/prims/jni.cpp, line 710]
Event: 1,970 Thread 0x00007f25a4016800 Exception <a 'java/lang/NoSuchMethodError': java.lang.Object.lambda$getResponseFunction$0(Lorg/openqa/selenium/remote/InitialHandshakeResponse;)Lorg/openqa/selenium/remote/ProtocolHandshake$Result;> (0x000000076d8288d8) thrown at [/build/openjdk-8-OqY7zN/
Event: 2,127 Thread 0x00007f25a4016800 Exception <a 'java/lang/ArrayIndexOutOfBoundsException'> (0x000000076d484660) thrown at [/build/openjdk-8-OqY7zN/openjdk-8-8u222-b10/src/hotspot/src/share/vm/runtime/sharedRuntime.cpp, line 605]
Event: 2,128 Thread 0x00007f25a4016800 Exception <a 'java/lang/ArrayIndexOutOfBoundsException'> (0x000000076d4865a0) thrown at [/build/openjdk-8-OqY7zN/openjdk-8-8u222-b10/src/hotspot/src/share/vm/runtime/sharedRuntime.cpp, line 605]
Event: 2,129 Thread 0x00007f25a4016800 Exception <a 'java/lang/ArrayIndexOutOfBoundsException': 76> (0x000000076d4add40) thrown at [/build/openjdk-8-OqY7zN/openjdk-8-8u222-b10/src/hotspot/src/share/vm/interpreter/interpreterRuntime.cpp, line 368]
Event: 2,130 Thread 0x00007f25a4016800 Exception <a 'java/lang/ArrayIndexOutOfBoundsException': 76> (0x000000076d4b1360) thrown at [/build/openjdk-8-OqY7zN/openjdk-8-8u222-b10/src/hotspot/src/share/vm/interpreter/interpreterRuntime.cpp, line 368]
Event: 5,773 Thread 0x00007f259c06f000 Exception <a 'java/net/ConnectException'> (0x000000076e1e5488) thrown at [/build/openjdk-8-OqY7zN/openjdk-8-8u222-b10/src/hotspot/src/share/vm/prims/jni.cpp, line 710]

Events (10 events):
Event: 5,755 loading class org/openqa/selenium/grid/session/ActiveSession done
Event: 5,762 loading class org/openqa/selenium/net/UrlChecker
Event: 5,762 loading class org/openqa/selenium/net/UrlChecker done
Event: 5,764 Thread 0x00007f259000d000 Thread exited: 0x00007f259000d000
Event: 5,764 Thread 0x00007f259000e000 Thread exited: 0x00007f259000e000
Event: 5,764 loading class java/lang/ProcessBuilder$NullInputStream
Event: 5,764 loading class java/lang/ProcessBuilder$NullInputStream done
Event: 5,764 loading class java/lang/ProcessBuilder$NullOutputStream
Event: 5,764 Thread 0x00007f259c076800 Thread exited: 0x00007f259c076800
Event: 5,764 loading class java/lang/ProcessBuilder$NullOutputStream done


Dynamic libraries:
6c7800000-6ce800000 rw-p 00000000 00:00 0 
6ce800000-76d300000 ---p 00000000 00:00 0 
76d300000-772600000 rw-p 00000000 00:00 0 
772600000-7c0000000 ---p 00000000 00:00 0 
7c0000000-7c0320000 rw-p 00000000 00:00 0 
7c0320000-800000000 ---p 00000000 00:00 0 
556cc84f5000-556cc84f6000 r-xp 00000000 08:16 132301                     /usr/lib/jvm/java-8-openjdk-amd64/jre/bin/java
556cc86f5000-556cc86f6000 r--p 00000000 08:16 132301                     /usr/lib/jvm/java-8-openjdk-amd64/jre/bin/java
556cc86f6000-556cc86f7000 rw-p 00001000 08:16 132301                     /usr/lib/jvm/java-8-openjdk-amd64/jre/bin/java
556cc9616000-556cc9662000 rw-p 00000000 00:00 0                          [heap]
7f2578000000-7f2578021000 rw-p 00000000 00:00 0 
7f2578021000-7f257c000000 ---p 00000000 00:00 0 
7f257c000000-7f257c021000 rw-p 00000000 00:00 0 
7f257c021000-7f2580000000 ---p 00000000 00:00 0 
7f2580000000-7f2580021000 rw-p 00000000 00:00 0 
7f2580021000-7f2584000000 ---p 00000000 00:00 0 
7f2584000000-7f2584021000 rw-p 00000000 00:00 0 
7f2584021000-7f2588000000 ---p 00000000 00:00 0 
7f2588000000-7f2588021000 rw-p 00000000 00:00 0 
7f2588021000-7f258c000000 ---p 00000000 00:00 0 
7f258c000000-7f258c021000 rw-p 00000000 00:00 0 
7f258c021000-7f2590000000 ---p 00000000 00:00 0 
7f2590000000-7f2590021000 rw-p 00000000 00:00 0 
7f2590021000-7f2594000000 ---p 00000000 00:00 0 
7f2594000000-7f2594021000 rw-p 00000000 00:00 0 
7f2594021000-7f2598000000 ---p 00000000 00:00 0 
7f2598000000-7f2598021000 rw-p 00000000 00:00 0 
7f2598021000-7f259c000000 ---p 00000000 00:00 0 
7f259c000000-7f259c291000 rw-p 00000000 00:00 0 
7f259c291000-7f25a0000000 ---p 00000000 00:00 0 
7f25a0000000-7f25a0021000 rw-p 00000000 00:00 0 
7f25a0021000-7f25a4000000 ---p 00000000 00:00 0 
7f25a4000000-7f25a4021000 rw-p 00000000 00:00 0 
7f25a4021000-7f25a8000000 ---p 00000000 00:00 0 
7f25a8000000-7f25a8021000 rw-p 00000000 00:00 0 
7f25a8021000-7f25ac000000 ---p 00000000 00:00 0 
7f25ac000000-7f25ac021000 rw-p 00000000 00:00 0 
7f25ac021000-7f25b0000000 ---p 00000000 00:00 0 
7f25b0000000-7f25b0021000 rw-p 00000000 00:00 0 
7f25b0021000-7f25b4000000 ---p 00000000 00:00 0 
7f25b4000000-7f25b4029000 rw-p 00000000 00:00 0 
7f25b4029000-7f25b8000000 ---p 00000000 00:00 0 
7f25b8000000-7f25b8021000 rw-p 00000000 00:00 0 
7f25b8021000-7f25bc000000 ---p 00000000 00:00 0 
7f25bc000000-7f25bc021000 rw-p 00000000 00:00 0 
7f25bc021000-7f25c0000000 ---p 00000000 00:00 0 
7f25c0000000-7f25c0021000 rw-p 00000000 00:00 0 
7f25c0021000-7f25c4000000 ---p 00000000 00:00 0 
7f25c4000000-7f25c4021000 rw-p 00000000 00:00 0 
7f25c4021000-7f25c8000000 ---p 00000000 00:00 0 
7f25c8000000-7f25c8021000 rw-p 00000000 00:00 0 
7f25c8021000-7f25cc000000 ---p 00000000 00:00 0 
7f25cc000000-7f25cc021000 rw-p 00000000 00:00 0 
7f25cc021000-7f25d0000000 ---p 00000000 00:00 0 
7f25d0000000-7f25d0308000 rw-p 00000000 00:00 0 
7f25d0308000-7f25d4000000 ---p 00000000 00:00 0 
7f25d4000000-7f25d4021000 rw-p 00000000 00:00 0 
7f25d4021000-7f25d8000000 ---p 00000000 00:00 0 
7f25d8000000-7f25d81f1000 rw-p 00000000 00:00 0 
7f25d81f1000-7f25dc000000 ---p 00000000 00:00 0 
7f25dc000000-7f25dc238000 rw-p 00000000 00:00 0 
7f25dc238000-7f25e0000000 ---p 00000000 00:00 0 
7f25e0000000-7f25e0021000 rw-p 00000000 00:00 0 
7f25e0021000-7f25e4000000 ---p 00000000 00:00 0 
7f25e4000000-7f25e43a7000 rw-p 00000000 00:00 0 
7f25e43a7000-7f25e8000000 ---p 00000000 00:00 0 
7f25e8000000-7f25e8021000 rw-p 00000000 00:00 0 
7f25e8021000-7f25ec000000 ---p 00000000 00:00 0 
7f25ec000000-7f25ec021000 rw-p 00000000 00:00 0 
7f25ec021000-7f25f0000000 ---p 00000000 00:00 0 
7f25f0000000-7f25f0021000 rw-p 00000000 00:00 0 
7f25f0021000-7f25f4000000 ---p 00000000 00:00 0 
7f25f43c0000-7f25fc000000 rw-p 00000000 00:00 0 
7f25fc000000-7f25fc021000 rw-p 00000000 00:00 0 
7f25fc021000-7f2600000000 ---p 00000000 00:00 0 
7f2600000000-7f2600021000 rw-p 00000000 00:00 0 
7f2600021000-7f2604000000 ---p 00000000 00:00 0 
7f2604000000-7f2604021000 rw-p 00000000 00:00 0 
7f2604021000-7f2608000000 ---p 00000000 00:00 0 
7f260a288000-7f260a3c8000 rw-p 00000000 00:00 0 
7f260a3c8000-7f260a488000 ---p 00000000 00:00 0 
7f260a488000-7f260a48b000 ---p 00000000 00:00 0 
7f260a48b000-7f260a589000 rw-p 00000000 00:00 0 
7f260a589000-7f260a58c000 ---p 00000000 00:00 0 
7f260a58c000-7f260a88a000 rw-p 00000000 00:00 0 
7f260a88a000-7f260a8b2000 r-xp 00000000 08:16 132351                     /usr/lib/jvm/java-8-openjdk-amd64/jre/lib/amd64/libsunec.so
7f260a8b2000-7f260aab1000 ---p 00028000 08:16 132351                     /usr/lib/jvm/java-8-openjdk-amd64/jre/lib/amd64/libsunec.so
7f260aab1000-7f260aab5000 r--p 00027000 08:16 132351                     /usr/lib/jvm/java-8-openjdk-amd64/jre/lib/amd64/libsunec.so
7f260aab5000-7f260aab6000 rw-p 0002b000 08:16 132351                     /usr/lib/jvm/java-8-openjdk-amd64/jre/lib/amd64/libsunec.so
7f260aab6000-7f260acb6000 rw-p 00000000 00:00 0 
7f260acb6000-7f260acb9000 ---p 00000000 00:00 0 
7f260acb9000-7f260adb7000 rw-p 00000000 00:00 0 
7f260adb7000-7f260adba000 ---p 00000000 00:00 0 
7f260adba000-7f260aeb8000 rw-p 00000000 00:00 0 
7f260aeb8000-7f260aebb000 ---p 00000000 00:00 0 
7f260aebb000-7f260afb9000 rw-p 00000000 00:00 0 
7f260afb9000-7f260afbc000 ---p 00000000 00:00 0 
7f260afbc000-7f260aff2000 rw-p 00000000 00:00 0 
7f260aff2000-7f260aff5000 ---p 00000000 00:00 0 
7f260aff5000-7f260b0f3000 rw-p 00000000 00:00 0 
7f260b0f3000-7f260b0f6000 ---p 00000000 00:00 0 
7f260b0f6000-7f260b1f4000 rw-p 00000000 00:00 0 
7f260b1f4000-7f260b1f7000 ---p 00000000 00:00 0 
7f260b1f7000-7f260b4f5000 rw-p 00000000 00:00 0 
7f260b4f5000-7f260b4f8000 ---p 00000000 00:00 0 
7f260b4f8000-7f260b5f6000 rw-p 00000000 00:00 0 
7f260b5f6000-7f260b5f9000 ---p 00000000 00:00 0 
7f260b5f9000-7f260b6f7000 rw-p 00000000 00:00 0 
7f260b6f7000-7f260b6fa000 ---p 00000000 00:00 0 
7f260b6fa000-7f260b7f8000 rw-p 00000000 00:00 0 
7f260b7f8000-7f260b7fb000 ---p 00000000 00:00 0 
7f260b7fb000-7f260b8f9000 rw-p 00000000 00:00 0 
7f260b8f9000-7f260b8fc000 ---p 00000000 00:00 0 
7f260b8fc000-7f260b9fa000 rw-p 00000000 00:00 0 
7f260b9fa000-7f260b9fd000 ---p 00000000 00:00 0 
7f260b9fd000-7f260bafb000 rw-p 00000000 00:00 0 
7f260bafb000-7f260bafe000 ---p 00000000 00:00 0 
7f260bafe000-7f260bbfc000 rw-p 00000000 00:00 0 
7f260bbfc000-7f260bbff000 ---p 00000000 00:00 0 
7f260bbff000-7f260bcfd000 rw-p 00000000 00:00 0 
7f260bcfd000-7f260bd00000 ---p 00000000 00:00 0 
7f260bd00000-7f260bdfe000 rw-p 00000000 00:00 0 
7f260bdfe000-7f260be01000 ---p 00000000 00:00 0 
7f260be01000-7f260beff000 rw-p 00000000 00:00 0 
7f260beff000-7f260bf02000 ---p 00000000 00:00 0 
7f260bf02000-7f260c000000 rw-p 00000000 00:00 0 
7f260c000000-7f260c021000 rw-p 00000000 00:00 0 
7f260c021000-7f2610000000 ---p 00000000 00:00 0 
7f2610000000-7f2610021000 rw-p 00000000 00:00 0 
7f2610021000-7f2614000000 ---p 00000000 00:00 0 
7f2614000000-7f2614021000 rw-p 00000000 00:00 0 
7f2614021000-7f2618000000 ---p 00000000 00:00 0 
7f2618000000-7f2618021000 rw-p 00000000 00:00 0 
7f2618021000-7f261c000000 ---p 00000000 00:00 0 
7f261c029000-7f261c02c000 ---p 00000000 00:00 0 
7f261c02c000-7f261c32a000 rw-p 00000000 00:00 0 
7f261c32a000-7f261c33b000 r-xp 00000000 08:16 132345                     /usr/lib/jvm/java-8-openjdk-amd64/jre/lib/amd64/libnio.so
7f261c33b000-7f261c53a000 ---p 00011000 08:16 132345                     /usr/lib/jvm/java-8-openjdk-amd64/jre/lib/amd64/libnio.so
7f261c53a000-7f261c53b000 r--p 00010000 08:16 132345                     /usr/lib/jvm/java-8-openjdk-amd64/jre/lib/amd64/libnio.so
7f261c53b000-7f261c53c000 rw-p 00011000 08:16 132345                     /usr/lib/jvm/java-8-openjdk-amd64/jre/lib/amd64/libnio.so
7f261c53c000-7f261c552000 r-xp 00000000 08:16 132344                     /usr/lib/jvm/java-8-openjdk-amd64/jre/lib/amd64/libnet.so
7f261c552000-7f261c751000 ---p 00016000 08:16 132344                     /usr/lib/jvm/java-8-openjdk-amd64/jre/lib/amd64/libnet.so
7f261c751000-7f261c752000 r--p 00015000 08:16 132344                     /usr/lib/jvm/java-8-openjdk-amd64/jre/lib/amd64/libnet.so
7f261c752000-7f261c753000 rw-p 00016000 08:16 132344                     /usr/lib/jvm/java-8-openjdk-amd64/jre/lib/amd64/libnet.so
7f261c753000-7f261c953000 rw-p 00000000 00:00 0 
7f261c953000-7f261c95c000 r-xp 00000000 08:16 132342                     /usr/lib/jvm/java-8-openjdk-amd64/jre/lib/amd64/libmanagement.so
7f261c95c000-7f261cb5b000 ---p 00009000 08:16 132342                     /usr/lib/jvm/java-8-openjdk-amd64/jre/lib/amd64/libmanagement.so
7f261cb5b000-7f261cb5c000 r--p 00008000 08:16 132342                     /usr/lib/jvm/java-8-openjdk-amd64/jre/lib/amd64/libmanagement.so
7f261cb5c000-7f261cb5d000 rw-p 00009000 08:16 132342                     /usr/lib/jvm/java-8-openjdk-amd64/jre/lib/amd64/libmanagement.so
7f261cb5d000-7f261cc0f000 r--s 00975000 08:16 543073                     /home/alejitro/Documents/Maestria Uniandes/3er Semestre/Pruebas/Proyecto Hangover/workerCucumber/node_modules/selenium-standalone/.selenium/selenium-server/3.141.5-server.jar
7f261cc0f000-7f261cc10000 ---p 00000000 00:00 0 
7f261cc10000-7f261cd10000 rw-p 00000000 00:00 0 
7f261cd10000-7f261cd13000 ---p 00000000 00:00 0 
7f261cd13000-7f261ce11000 rw-p 00000000 00:00 0 
7f261ce11000-7f261ce12000 ---p 00000000 00:00 0 
7f261ce12000-7f261ce15000 ---p 00000000 00:00 0 
7f261ce15000-7f261cf12000 rw-p 00000000 00:00 0 
7f261cf12000-7f261cf13000 ---p 00000000 00:00 0 
7f261cf13000-7f261cf16000 ---p 00000000 00:00 0 
7f261cf16000-7f261d013000 rw-p 00000000 00:00 0 
7f261d013000-7f261d014000 ---p 00000000 00:00 0 
7f261d014000-7f261d017000 ---p 00000000 00:00 0 
7f261d017000-7f261d114000 rw-p 00000000 00:00 0 
7f261d114000-7f261d115000 ---p 00000000 00:00 0 
7f261d115000-7f261d118000 ---p 00000000 00:00 0 
7f261d118000-7f261d215000 rw-p 00000000 00:00 0 
7f261d215000-7f261d218000 ---p 00000000 00:00 0 
7f261d218000-7f261d316000 rw-p 00000000 00:00 0 
7f261d316000-7f261dce5000 r--p 00000000 08:16 922566                     /usr/lib/locale/locale-archive
7f261dce5000-7f261dce8000 ---p 00000000 00:00 0 
7f261dce8000-7f261dde6000 rw-p 00000000 00:00 0 
7f261dde6000-7f261dde9000 ---p 00000000 00:00 0 
7f261dde9000-7f261dee7000 rw-p 00000000 00:00 0 
7f261dee7000-7f261dee8000 ---p 00000000 00:00 0 
7f261dee8000-7f2620000000 rw-p 00000000 00:00 0 
7f2620000000-7f2620021000 rw-p 00000000 00:00 0 
7f2620021000-7f2624000000 ---p 00000000 00:00 0 
7f2624005000-7f2624018000 r--s 00346000 08:16 132404                     /usr/lib/jvm/java-8-openjdk-amd64/jre/lib/resources.jar
7f2624018000-7f2624369000 rw-p 00000000 00:00 0 
7f2624369000-7f2624539000 r--s 03c5c000 08:16 132405                     /usr/lib/jvm/java-8-openjdk-amd64/jre/lib/rt.jar
7f2624539000-7f2624cfd000 rw-p 00000000 00:00 0 
7f2624cfd000-7f2624cfe000 ---p 00000000 00:00 0 
7f2624cfe000-7f2624dfe000 rw-p 00000000 00:00 0 
7f2624dfe000-7f2624dff000 ---p 00000000 00:00 0 
7f2624dff000-7f2624eff000 rw-p 00000000 00:00 0 
7f2624eff000-7f2624f00000 ---p 00000000 00:00 0 
7f2624f00000-7f2625000000 rw-p 00000000 00:00 0 
7f2625000000-7f2625560000 rwxp 00000000 00:00 0 
7f2625560000-7f2634000000 ---p 00000000 00:00 0 
7f2634000000-7f26346b8000 rw-p 00000000 00:00 0 
7f26346b8000-7f2638000000 ---p 00000000 00:00 0 
7f2638009000-7f263800b000 r--s 00016000 08:16 132397                     /usr/lib/jvm/java-8-openjdk-amd64/jre/lib/jce.jar
7f263800b000-7f2638010000 r--s 000a3000 08:16 132399                     /usr/lib/jvm/java-8-openjdk-amd64/jre/lib/jsse.jar
7f2638010000-7f263801a000 r--s 00116000 08:16 132376                     /usr/lib/jvm/java-8-openjdk-amd64/jre/lib/ext/localedata.jar
7f263801a000-7f2638090000 rw-p 00000000 00:00 0 
7f2638090000-7f2638091000 ---p 00000000 00:00 0 
7f2638091000-7f2638191000 rw-p 00000000 00:00 0 
7f2638191000-7f2638192000 ---p 00000000 00:00 0 
7f2638192000-7f2638292000 rw-p 00000000 00:00 0 
7f2638292000-7f2638293000 ---p 00000000 00:00 0 
7f2638293000-7f2638393000 rw-p 00000000 00:00 0 
7f2638393000-7f2638394000 ---p 00000000 00:00 0 
7f2638394000-7f2638494000 rw-p 00000000 00:00 0 
7f2638494000-7f2638495000 ---p 00000000 00:00 0 
7f2638495000-7f26385cd000 rw-p 00000000 00:00 0 
7f26385cd000-7f2638ac3000 ---p 00000000 00:00 0 
7f2638ac3000-7f2638afb000 rw-p 00000000 00:00 0 
7f2638afb000-7f2638ff0000 ---p 00000000 00:00 0 
7f2638ff0000-7f263901a000 rw-p 00000000 00:00 0 
7f263901a000-7f2639287000 ---p 00000000 00:00 0 
7f2639287000-7f263929e000 rw-p 00000000 00:00 0 
7f263929e000-7f2639648000 ---p 00000000 00:00 0 
7f2639648000-7f2639650000 r-xp 00000000 08:16 132354                     /usr/lib/jvm/java-8-openjdk-amd64/jre/lib/amd64/libzip.so
7f2639650000-7f263984f000 ---p 00008000 08:16 132354                     /usr/lib/jvm/java-8-openjdk-amd64/jre/lib/amd64/libzip.so
7f263984f000-7f2639850000 r--p 00007000 08:16 132354                     /usr/lib/jvm/java-8-openjdk-amd64/jre/lib/amd64/libzip.so
7f2639850000-7f2639851000 rw-p 00008000 08:16 132354                     /usr/lib/jvm/java-8-openjdk-amd64/jre/lib/amd64/libzip.so
7f2639851000-7f263985c000 r-xp 00000000 08:16 137081                     /lib/x86_64-linux-gnu/libnss_files-2.27.so
7f263985c000-7f2639a5b000 ---p 0000b000 08:16 137081                     /lib/x86_64-linux-gnu/libnss_files-2.27.so
7f2639a5b000-7f2639a5c000 r--p 0000a000 08:16 137081                     /lib/x86_64-linux-gnu/libnss_files-2.27.so
7f2639a5c000-7f2639a5d000 rw-p 0000b000 08:16 137081                     /lib/x86_64-linux-gnu/libnss_files-2.27.so
7f2639a5d000-7f2639a63000 rw-p 00000000 00:00 0 
7f2639a63000-7f2639a7a000 r-xp 00000000 08:16 137075                     /lib/x86_64-linux-gnu/libnsl-2.27.so
7f2639a7a000-7f2639c79000 ---p 00017000 08:16 137075                     /lib/x86_64-linux-gnu/libnsl-2.27.so
7f2639c79000-7f2639c7a000 r--p 00016000 08:16 137075                     /lib/x86_64-linux-gnu/libnsl-2.27.so
7f2639c7a000-7f2639c7b000 rw-p 00017000 08:16 137075                     /lib/x86_64-linux-gnu/libnsl-2.27.so
7f2639c7b000-7f2639c7d000 rw-p 00000000 00:00 0 
7f2639c7d000-7f2639c88000 r-xp 00000000 08:16 137092                     /lib/x86_64-linux-gnu/libnss_nis-2.27.so
7f2639c88000-7f2639e87000 ---p 0000b000 08:16 137092                     /lib/x86_64-linux-gnu/libnss_nis-2.27.so
7f2639e87000-7f2639e88000 r--p 0000a000 08:16 137092                     /lib/x86_64-linux-gnu/libnss_nis-2.27.so
7f2639e88000-7f2639e89000 rw-p 0000b000 08:16 137092                     /lib/x86_64-linux-gnu/libnss_nis-2.27.so
7f2639e89000-7f2639e91000 r-xp 00000000 08:16 137077                     /lib/x86_64-linux-gnu/libnss_compat-2.27.so
7f2639e91000-7f263a091000 ---p 00008000 08:16 137077                     /lib/x86_64-linux-gnu/libnss_compat-2.27.so
7f263a091000-7f263a092000 r--p 00008000 08:16 137077                     /lib/x86_64-linux-gnu/libnss_compat-2.27.so
7f263a092000-7f263a093000 rw-p 00009000 08:16 137077                     /lib/x86_64-linux-gnu/libnss_compat-2.27.so
7f263a093000-7f263a0bd000 r-xp 00000000 08:16 132333                     /usr/lib/jvm/java-8-openjdk-amd64/jre/lib/amd64/libjava.so
7f263a0bd000-7f263a2bc000 ---p 0002a000 08:16 132333                     /usr/lib/jvm/java-8-openjdk-amd64/jre/lib/amd64/libjava.so
7f263a2bc000-7f263a2bd000 r--p 00029000 08:16 132333                     /usr/lib/jvm/java-8-openjdk-amd64/jre/lib/amd64/libjava.so
7f263a2bd000-7f263a2bf000 rw-p 0002a000 08:16 132333                     /usr/lib/jvm/java-8-openjdk-amd64/jre/lib/amd64/libjava.so
7f263a2bf000-7f263a2cf000 r-xp 00000000 08:16 132353                     /usr/lib/jvm/java-8-openjdk-amd64/jre/lib/amd64/libverify.so
7f263a2cf000-7f263a4ce000 ---p 00010000 08:16 132353                     /usr/lib/jvm/java-8-openjdk-amd64/jre/lib/amd64/libverify.so
7f263a4ce000-7f263a4d0000 r--p 0000f000 08:16 132353                     /usr/lib/jvm/java-8-openjdk-amd64/jre/lib/amd64/libverify.so
7f263a4d0000-7f263a4d1000 rw-p 00011000 08:16 132353                     /usr/lib/jvm/java-8-openjdk-amd64/jre/lib/amd64/libverify.so
7f263a4d1000-7f263a4d8000 r-xp 00000000 08:16 137132                     /lib/x86_64-linux-gnu/librt-2.27.so
7f263a4d8000-7f263a6d7000 ---p 00007000 08:16 137132                     /lib/x86_64-linux-gnu/librt-2.27.so
7f263a6d7000-7f263a6d8000 r--p 00006000 08:16 137132                     /lib/x86_64-linux-gnu/librt-2.27.so
7f263a6d8000-7f263a6d9000 rw-p 00007000 08:16 137132                     /lib/x86_64-linux-gnu/librt-2.27.so
7f263a6d9000-7f263a6f0000 r-xp 00000000 08:16 137028                     /lib/x86_64-linux-gnu/libgcc_s.so.1
7f263a6f0000-7f263a8ef000 ---p 00017000 08:16 137028                     /lib/x86_64-linux-gnu/libgcc_s.so.1
7f263a8ef000-7f263a8f0000 r--p 00016000 08:16 137028                     /lib/x86_64-linux-gnu/libgcc_s.so.1
7f263a8f0000-7f263a8f1000 rw-p 00017000 08:16 137028                     /lib/x86_64-linux-gnu/libgcc_s.so.1
7f263a8f1000-7f263aa8e000 r-xp 00000000 08:16 137054                     /lib/x86_64-linux-gnu/libm-2.27.so
7f263aa8e000-7f263ac8d000 ---p 0019d000 08:16 137054                     /lib/x86_64-linux-gnu/libm-2.27.so
7f263ac8d000-7f263ac8e000 r--p 0019c000 08:16 137054                     /lib/x86_64-linux-gnu/libm-2.27.so
7f263ac8e000-7f263ac8f000 rw-p 0019d000 08:16 137054                     /lib/x86_64-linux-gnu/libm-2.27.so
7f263ac8f000-7f263ae08000 r-xp 00000000 08:16 927858                     /usr/lib/x86_64-linux-gnu/libstdc++.so.6.0.25
7f263ae08000-7f263b008000 ---p 00179000 08:16 927858                     /usr/lib/x86_64-linux-gnu/libstdc++.so.6.0.25
7f263b008000-7f263b012000 r--p 00179000 08:16 927858                     /usr/lib/x86_64-linux-gnu/libstdc++.so.6.0.25
7f263b012000-7f263b014000 rw-p 00183000 08:16 927858                     /usr/lib/x86_64-linux-gnu/libstdc++.so.6.0.25
7f263b014000-7f263b018000 rw-p 00000000 00:00 0 
7f263b018000-7f263bcb7000 r-xp 00000000 08:16 132357                     /usr/lib/jvm/java-8-openjdk-amd64/jre/lib/amd64/server/libjvm.so
7f263bcb7000-7f263beb7000 ---p 00c9f000 08:16 132357                     /usr/lib/jvm/java-8-openjdk-amd64/jre/lib/amd64/server/libjvm.so
7f263beb7000-7f263bf4b000 r--p 00c9f000 08:16 132357                     /usr/lib/jvm/java-8-openjdk-amd64/jre/lib/amd64/server/libjvm.so
7f263bf4b000-7f263bf74000 rw-p 00d33000 08:16 132357                     /usr/lib/jvm/java-8-openjdk-amd64/jre/lib/amd64/server/libjvm.so
7f263bf74000-7f263bfa4000 rw-p 00000000 00:00 0 
7f263bfa4000-7f263bfbe000 r-xp 00000000 08:16 137124                     /lib/x86_64-linux-gnu/libpthread-2.27.so
7f263bfbe000-7f263c1bd000 ---p 0001a000 08:16 137124                     /lib/x86_64-linux-gnu/libpthread-2.27.so
7f263c1bd000-7f263c1be000 r--p 00019000 08:16 137124                     /lib/x86_64-linux-gnu/libpthread-2.27.so
7f263c1be000-7f263c1bf000 rw-p 0001a000 08:16 137124                     /lib/x86_64-linux-gnu/libpthread-2.27.so
7f263c1bf000-7f263c1c3000 rw-p 00000000 00:00 0 
7f263c1c3000-7f263c1c6000 r-xp 00000000 08:16 137014                     /lib/x86_64-linux-gnu/libdl-2.27.so
7f263c1c6000-7f263c3c5000 ---p 00003000 08:16 137014                     /lib/x86_64-linux-gnu/libdl-2.27.so
7f263c3c5000-7f263c3c6000 r--p 00002000 08:16 137014                     /lib/x86_64-linux-gnu/libdl-2.27.so
7f263c3c6000-7f263c3c7000 rw-p 00003000 08:16 137014                     /lib/x86_64-linux-gnu/libdl-2.27.so
7f263c3c7000-7f263c3e3000 r-xp 00000000 08:16 137163                     /lib/x86_64-linux-gnu/libz.so.1.2.11
7f263c3e3000-7f263c5e2000 ---p 0001c000 08:16 137163                     /lib/x86_64-linux-gnu/libz.so.1.2.11
7f263c5e2000-7f263c5e3000 r--p 0001b000 08:16 137163                     /lib/x86_64-linux-gnu/libz.so.1.2.11
7f263c5e3000-7f263c5e4000 rw-p 0001c000 08:16 137163                     /lib/x86_64-linux-gnu/libz.so.1.2.11
7f263c5e4000-7f263c7cb000 r-xp 00000000 08:16 136991                     /lib/x86_64-linux-gnu/libc-2.27.so
7f263c7cb000-7f263c9cb000 ---p 001e7000 08:16 136991                     /lib/x86_64-linux-gnu/libc-2.27.so
7f263c9cb000-7f263c9cf000 r--p 001e7000 08:16 136991                     /lib/x86_64-linux-gnu/libc-2.27.so
7f263c9cf000-7f263c9d1000 rw-p 001eb000 08:16 136991                     /lib/x86_64-linux-gnu/libc-2.27.so
7f263c9d1000-7f263c9d5000 rw-p 00000000 00:00 0 
7f263c9d5000-7f263c9e3000 r-xp 00000000 08:16 132316                     /usr/lib/jvm/java-8-openjdk-amd64/jre/lib/amd64/jli/libjli.so
7f263c9e3000-7f263cbe2000 ---p 0000e000 08:16 132316                     /usr/lib/jvm/java-8-openjdk-amd64/jre/lib/amd64/jli/libjli.so
7f263cbe2000-7f263cbe3000 r--p 0000d000 08:16 132316                     /usr/lib/jvm/java-8-openjdk-amd64/jre/lib/amd64/jli/libjli.so
7f263cbe3000-7f263cbe4000 rw-p 0000e000 08:16 132316                     /usr/lib/jvm/java-8-openjdk-amd64/jre/lib/amd64/jli/libjli.so
7f263cbe4000-7f263cc0b000 r-xp 00000000 08:16 136963                     /lib/x86_64-linux-gnu/ld-2.27.so
7f263cc0b000-7f263cc0c000 r--s 0000a000 08:16 132375                     /usr/lib/jvm/java-8-openjdk-amd64/jre/lib/ext/jaccess.jar
7f263cc0c000-7f263cc0d000 r--s 00010000 08:16 132381                     /usr/lib/jvm/java-8-openjdk-amd64/jre/lib/ext/zipfs.jar
7f263cc0d000-7f263cc12000 r--s 0003c000 08:16 132379                     /usr/lib/jvm/java-8-openjdk-amd64/jre/lib/ext/sunjce_provider.jar
7f263cc12000-7f263cc2d000 r--s 00394000 08:16 132372                     /usr/lib/jvm/java-8-openjdk-amd64/jre/lib/ext/cldrdata.jar
7f263cc2d000-7f263cc48000 r--s 001d6000 08:16 132377                     /usr/lib/jvm/java-8-openjdk-amd64/jre/lib/ext/nashorn.jar
7f263cc48000-7f263ccf1000 rw-p 00000000 00:00 0 
7f263ccf1000-7f263ccf2000 ---p 00000000 00:00 0 
7f263ccf2000-7f263ccf5000 ---p 00000000 00:00 0 
7f263ccf5000-7f263cdf4000 rw-p 00000000 00:00 0 
7f263cdf4000-7f263cdf7000 r--s 0000f000 08:16 132374                     /usr/lib/jvm/java-8-openjdk-amd64/jre/lib/ext/icedtea-sound.jar
7f263cdf7000-7f263cdf9000 r--s 00001000 08:16 132373                     /usr/lib/jvm/java-8-openjdk-amd64/jre/lib/ext/dnsns.jar
7f263cdf9000-7f263cdfa000 r--s 0000d000 08:16 132378                     /usr/lib/jvm/java-8-openjdk-amd64/jre/lib/ext/sunec.jar
7f263cdfa000-7f263cdfc000 r--s 00007000 08:16 294298                     /usr/share/java/java-atk-wrapper.jar
7f263cdfc000-7f263cdff000 r--s 00039000 08:16 132380                     /usr/lib/jvm/java-8-openjdk-amd64/jre/lib/ext/sunpkcs11.jar
7f263cdff000-7f263ce07000 rw-s 00000000 08:16 542894                     /tmp/hsperfdata_alejitro/16326
7f263ce07000-7f263ce08000 rw-p 00000000 00:00 0 
7f263ce08000-7f263ce09000 r--p 00000000 00:00 0 
7f263ce09000-7f263ce0b000 rw-p 00000000 00:00 0 
7f263ce0b000-7f263ce0c000 r--p 00027000 08:16 136963                     /lib/x86_64-linux-gnu/ld-2.27.so
7f263ce0c000-7f263ce0d000 rw-p 00028000 08:16 136963                     /lib/x86_64-linux-gnu/ld-2.27.so
7f263ce0d000-7f263ce0e000 rw-p 00000000 00:00 0 
7ffeb3807000-7ffeb382a000 rw-p 00000000 00:00 0                          [stack]
7ffeb3833000-7ffeb3836000 r--p 00000000 00:00 0                          [vvar]
7ffeb3836000-7ffeb3837000 r-xp 00000000 00:00 0                          [vdso]
ffffffffff600000-ffffffffff601000 r-xp 00000000 00:00 0                  [vsyscall]

VM Arguments:
jvm_args: -Dwebdriver.chrome.driver=/home/alejitro/Documents/Maestria Uniandes/3er Semestre/Pruebas/Proyecto Hangover/workerCucumber/node_modules/selenium-standalone/.selenium/chromedriver/2.43-x64-chromedriver -Dwebdriver.gecko.driver=/home/alejitro/Documents/Maestria Uniandes/3er Semestre/Pruebas/Proyecto Hangover/workerCucumber/node_modules/selenium-standalone/.selenium/geckodriver/0.23.0-x64-geckodriver 
java_command: /home/alejitro/Documents/Maestria Uniandes/3er Semestre/Pruebas/Proyecto Hangover/workerCucumber/node_modules/selenium-standalone/.selenium/selenium-server/3.141.5-server.jar
java_class_path (initial): /home/alejitro/Documents/Maestria Uniandes/3er Semestre/Pruebas/Proyecto Hangover/workerCucumber/node_modules/selenium-standalone/.selenium/selenium-server/3.141.5-server.jar
Launcher Type: SUN_STANDARD

Environment Variables:
PATH=/usr/lib/node_modules/npm/node_modules/npm-lifecycle/node-gyp-bin:/home/alejitro/Documents/Maestria Uniandes/3er Semestre/Pruebas/Proyecto Hangover/workerCucumber/node_modules/.bin:/usr/lib/node_modules/npm/node_modules/npm-lifecycle/node-gyp-bin:/home/alejitro/Documents/Maestria Uniandes/3er Semestre/Pruebas/Proyecto Hangover/workerCucumber/node_modules/.bin:/home/alejitro/.local/bin:/usr/local/sbin:/usr/local/bin:/usr/sbin:/usr/bin:/sbin:/bin:/usr/games:/usr/local/games:/snap/bin
USERNAME=alejitro
SHELL=/bin/bash
DISPLAY=:0

Signal Handlers:
SIGSEGV: [libjvm.so+0xab92f0], sa_mask[0]=11111111011111111101111111111110, sa_flags=SA_RESTART|SA_SIGINFO
SIGBUS: [libjvm.so+0xab92f0], sa_mask[0]=11111111011111111101111111111110, sa_flags=SA_RESTART|SA_SIGINFO
SIGFPE: [libjvm.so+0x8ee560], sa_mask[0]=11111111011111111101111111111110, sa_flags=SA_RESTART|SA_SIGINFO
SIGPIPE: [libjvm.so+0x8ee560], sa_mask[0]=11111111011111111101111111111110, sa_flags=SA_RESTART|SA_SIGINFO
SIGXFSZ: [libjvm.so+0x8ee560], sa_mask[0]=11111111011111111101111111111110, sa_flags=SA_RESTART|SA_SIGINFO
SIGILL: [libjvm.so+0x8ee560], sa_mask[0]=11111111011111111101111111111110, sa_flags=SA_RESTART|SA_SIGINFO
SIGUSR1: SIG_DFL, sa_mask[0]=00000000000000000000000000000000, sa_flags=none
SIGUSR2: [libjvm.so+0x8ee410], sa_mask[0]=00000000000000000000000000000000, sa_flags=SA_RESTART|SA_SIGINFO
SIGHUP: [libjvm.so+0x8eea80], sa_mask[0]=11111111011111111101111111111110, sa_flags=SA_RESTART|SA_SIGINFO
SIGINT: [libjvm.so+0x8eea80], sa_mask[0]=11111111011111111101111111111110, sa_flags=SA_RESTART|SA_SIGINFO
SIGTERM: [libjvm.so+0x8eea80], sa_mask[0]=11111111011111111101111111111110, sa_flags=SA_RESTART|SA_SIGINFO
SIGQUIT: [libjvm.so+0x8eea80], sa_mask[0]=11111111011111111101111111111110, sa_flags=SA_RESTART|SA_SIGINFO


---------------  S Y S T E M  ---------------

OS:DISTRIB_ID=Ubuntu
DISTRIB_RELEASE=18.04
DISTRIB_CODENAME=bionic
DISTRIB_DESCRIPTION="Ubuntu 18.04.3 LTS"

uname:Linux 5.0.0-36-generic #39~18.04.1-Ubuntu SMP Tue Nov 12 11:09:50 UTC 2019 x86_64
libc:glibc 2.27 NPTL 2.27 
rlimit: STACK 8192k, CORE 0k, NPROC 63421, NOFILE 4096, AS infinity
load average:0,50 0,54 0,66

/proc/meminfo:
MemTotal:       16284208 kB
MemFree:         8304676 kB
MemAvailable:   10983840 kB
Buffers:          278268 kB
Cached:          2791728 kB
SwapCached:            0 kB
Active:          5073004 kB
Inactive:        1936932 kB
Active(anon):    3969388 kB
Inactive(anon):   219844 kB
Active(file):    1103616 kB
Inactive(file):  1717088 kB
Unevictable:      379272 kB
Mlocked:              48 kB
SwapTotal:        900104 kB
SwapFree:         900104 kB
Dirty:               300 kB
Writeback:             0 kB
AnonPages:       4319224 kB
Mapped:          1001216 kB
Shmem:            601400 kB
KReclaimable:     201704 kB
Slab:             280152 kB
SReclaimable:     201704 kB
SUnreclaim:        78448 kB
KernelStack:       22008 kB
PageTables:        86300 kB
NFS_Unstable:          0 kB
Bounce:                0 kB
WritebackTmp:          0 kB
CommitLimit:     9042208 kB
Committed_AS:   12223772 kB
VmallocTotal:   34359738367 kB
VmallocUsed:           0 kB
VmallocChunk:          0 kB
Percpu:             2624 kB
HardwareCorrupted:     0 kB
AnonHugePages:         0 kB
ShmemHugePages:        0 kB
ShmemPmdMapped:        0 kB
CmaTotal:              0 kB
CmaFree:               0 kB
HugePages_Total:       0
HugePages_Free:        0
HugePages_Rsvd:        0
HugePages_Surp:        0
Hugepagesize:       2048 kB
Hugetlb:               0 kB
DirectMap4k:      351884 kB
DirectMap2M:     9996288 kB
DirectMap1G:     7340032 kB

container (cgroup) information:
container_type: cgroupv1
cpu_cpuset_cpus: 0-7
cpu_memory_nodes: 0
active_processor_count: 8
cpu_quota: -1
cpu_period: 100000
cpu_shares: -1
memory_limit_in_bytes: -1
memory_and_swap_limit_in_bytes: -2
memory_soft_limit_in_bytes: -1
memory_usage_in_bytes: 7565844480
memory_max_usage_in_bytes: 0


CPU:total 8 (initial active 8) (4 cores per cpu, 2 threads per core) family 6 model 158 stepping 9, cmov, cx8, fxsr, mmx, sse, sse2, sse3, ssse3, sse4.1, sse4.2, popcnt, avx, avx2, aes, clmul, erms, 3dnowpref, lzcnt, ht, tsc, tscinvbit, bmi1, bmi2, adx

/proc/cpuinfo:
processor	: 0
vendor_id	: GenuineIntel
cpu family	: 6
model		: 158
model name	: Intel(R) Core(TM) i7-7700HQ CPU @ 2.80GHz
stepping	: 9
microcode	: 0xca
cpu MHz		: 2209.602
cache size	: 6144 KB
physical id	: 0
siblings	: 8
core id		: 0
cpu cores	: 4
apicid		: 0
initial apicid	: 0
fpu		: yes
fpu_exception	: yes
cpuid level	: 22
wp		: yes
flags		: fpu vme de pse tsc msr pae mce cx8 apic sep mtrr pge mca cmov pat pse36 clflush dts acpi mmx fxsr sse sse2 ss ht tm pbe syscall nx pdpe1gb rdtscp lm constant_tsc art arch_perfmon pebs bts rep_good nopl xtopology nonstop_tsc cpuid aperfmperf tsc_known_freq pni pclmulqdq dtes64 monitor ds_cpl vmx est tm2 ssse3 sdbg fma cx16 xtpr pdcm pcid sse4_1 sse4_2 x2apic movbe popcnt tsc_deadline_timer aes xsave avx f16c rdrand lahf_lm abm 3dnowprefetch cpuid_fault epb invpcid_single pti ssbd ibrs ibpb stibp tpr_shadow vnmi flexpriority ept vpid ept_ad fsgsbase tsc_adjust bmi1 avx2 smep bmi2 erms invpcid mpx rdseed adx smap clflushopt intel_pt xsaveopt xsavec xgetbv1 xsaves dtherm ida arat pln pts hwp hwp_notify hwp_act_window hwp_epp md_clear flush_l1d
bugs		: cpu_meltdown spectre_v1 spectre_v2 spec_store_bypass l1tf mds swapgs itlb_multihit
bogomips	: 5616.00
clflush size	: 64
cache_alignment	: 64
address sizes	: 39 bits physical, 48 bits virtual
power management:

processor	: 1
vendor_id	: GenuineIntel
cpu family	: 6
model		: 158
model name	: Intel(R) Core(TM) i7-7700HQ CPU @ 2.80GHz
stepping	: 9
microcode	: 0xca
cpu MHz		: 2034.001
cache size	: 6144 KB
physical id	: 0
siblings	: 8
core id		: 1
cpu cores	: 4
apicid		: 2
initial apicid	: 2
fpu		: yes
fpu_exception	: yes
cpuid level	: 22
wp		: yes
flags		: fpu vme de pse tsc msr pae mce cx8 apic sep mtrr pge mca cmov pat pse36 clflush dts acpi mmx fxsr sse sse2 ss ht tm pbe syscall nx pdpe1gb rdtscp lm constant_tsc art arch_perfmon pebs bts rep_good nopl xtopology nonstop_tsc cpuid aperfmperf tsc_known_freq pni pclmulqdq dtes64 monitor ds_cpl vmx est tm2 ssse3 sdbg fma cx16 xtpr pdcm pcid sse4_1 sse4_2 x2apic movbe popcnt tsc_deadline_timer aes xsave avx f16c rdrand lahf_lm abm 3dnowprefetch cpuid_fault epb invpcid_single pti ssbd ibrs ibpb stibp tpr_shadow vnmi flexpriority ept vpid ept_ad fsgsbase tsc_adjust bmi1 avx2 smep bmi2 erms invpcid mpx rdseed adx smap clflushopt intel_pt xsaveopt xsavec xgetbv1 xsaves dtherm ida arat pln pts hwp hwp_notify hwp_act_window hwp_epp md_clear flush_l1d
bugs		: cpu_meltdown spectre_v1 spectre_v2 spec_store_bypass l1tf mds swapgs itlb_multihit
bogomips	: 5616.00
clflush size	: 64
cache_alignment	: 64
address sizes	: 39 bits physical, 48 bits virtual
power management:

processor	: 2
vendor_id	: GenuineIntel
cpu family	: 6
model		: 158
model name	: Intel(R) Core(TM) i7-7700HQ CPU @ 2.80GHz
stepping	: 9
microcode	: 0xca
cpu MHz		: 2279.667
cache size	: 6144 KB
physical id	: 0
siblings	: 8
core id		: 2
cpu cores	: 4
apicid		: 4
initial apicid	: 4
fpu		: yes
fpu_exception	: yes
cpuid level	: 22
wp		: yes
flags		: fpu vme de pse tsc msr pae mce cx8 apic sep mtrr pge mca cmov pat pse36 clflush dts acpi mmx fxsr sse sse2 ss ht tm pbe syscall nx pdpe1gb rdtscp lm constant_tsc art arch_perfmon pebs bts rep_good nopl xtopology nonstop_tsc cpuid aperfmperf tsc_known_freq pni pclmulqdq dtes64 monitor ds_cpl vmx est tm2 ssse3 sdbg fma cx16 xtpr pdcm pcid sse4_1 sse4_2 x2apic movbe popcnt tsc_deadline_timer aes xsave avx f16c rdrand lahf_lm abm 3dnowprefetch cpuid_fault epb invpcid_single pti ssbd ibrs ibpb stibp tpr_shadow vnmi flexpriority ept vpid ept_ad fsgsbase tsc_adjust bmi1 avx2 smep bmi2 erms invpcid mpx rdseed adx smap clflushopt intel_pt xsaveopt xsavec xgetbv1 xsaves dtherm ida arat pln pts hwp hwp_notify hwp_act_window hwp_epp md_clear flush_l1d
bugs		: cpu_meltdown spectre_v1 spectre_v2 spec_store_bypass l1tf mds swapgs itlb_multihit
bogomips	: 5616.00
clflush size	: 64
cache_alignment	: 64
address sizes	: 39 bits physical, 48 bits virtual
power management:

processor	: 3
vendor_id	: GenuineIntel
cpu family	: 6
model		: 158
model name	: Intel(R) Core(TM) i7-7700HQ CPU @ 2.80GHz
stepping	: 9
microcode	: 0xca
cpu MHz		: 2019.861
cache size	: 6144 KB
physical id	: 0
siblings	: 8
core id		: 3
cpu cores	: 4
apicid		: 6
initial apicid	: 6
fpu		: yes
fpu_exception	: yes
cpuid level	: 22
wp		: yes
flags		: fpu vme de pse tsc msr pae mce cx8 apic sep mtrr pge mca cmov pat pse36 clflush dts acpi mmx fxsr sse sse2 ss ht tm pbe syscall nx pdpe1gb rdtscp lm constant_tsc art arch_perfmon pebs bts rep_good nopl xtopology nonstop_tsc cpuid aperfmperf tsc_known_freq pni pclmulqdq dtes64 monitor ds_cpl vmx est tm2 ssse3 sdbg fma cx16 xtpr pdcm pcid sse4_1 sse4_2 x2apic movbe popcnt tsc_deadline_timer aes xsave avx f16c rdrand lahf_lm abm 3dnowprefetch cpuid_fault epb invpcid_single pti ssbd ibrs ibpb stibp tpr_shadow vnmi flexpriority ept vpid ept_ad fsgsbase tsc_adjust bmi1 avx2 smep bmi2 erms invpcid mpx rdseed adx smap clflushopt intel_pt xsaveopt xsavec xgetbv1 xsaves dtherm ida arat pln pts hwp hwp_notify hwp_act_window hwp_epp md_clear flush_l1d
bugs		: cpu_meltdown spectre_v1 spectre_v2 spec_store_bypass l1tf mds swapgs itlb_multihit
bogomips	: 5616.00
clflush size	: 64
cache_alignment	: 64
address sizes	: 39 bits physical, 48 bits virtual
power management:

processor	: 4
vendor_id	: GenuineIntel
cpu family	: 6
model		: 158
model name	: Intel(R) Core(TM) i7-7700HQ CPU @ 2.80GHz
stepping	: 9
microcode	: 0xca
cpu MHz		: 2452.393
cache size	: 6144 KB
physical id	: 0
siblings	: 8
core id		: 0
cpu cores	: 4
apicid		: 1
initial apicid	: 1
fpu		: yes
fpu_exception	: yes
cpuid level	: 22
wp		: yes
flags		: fpu vme de pse tsc msr pae mce cx8 apic sep mtrr pge mca cmov pat pse36 clflush dts acpi mmx fxsr sse sse2 ss ht tm pbe syscall nx pdpe1gb rdtscp lm constant_tsc art arch_perfmon pebs bts rep_good nopl xtopology nonstop_tsc cpuid aperfmperf tsc_known_freq pni pclmulqdq dtes64 monitor ds_cpl vmx est tm2 ssse3 sdbg fma cx16 xtpr pdcm pcid sse4_1 sse4_2 x2apic movbe popcnt tsc_deadline_timer aes xsave avx f16c rdrand lahf_lm abm 3dnowprefetch cpuid_fault epb invpcid_single pti ssbd ibrs ibpb stibp tpr_shadow vnmi flexpriority ept vpid ept_ad fsgsbase tsc_adjust bmi1 avx2 smep bmi2 erms invpcid mpx rdseed adx smap clflushopt intel_pt xsaveopt xsavec xgetbv1 xsaves dtherm ida arat pln pts hwp hwp_notify hwp_act_window hwp_epp md_clear flush_l1d
bugs		: cpu_meltdown spectre_v1 spectre_v2 spec_store_bypass l1tf mds swapgs itlb_multihit
bogomips	: 5616.00
clflush size	: 64
cache_alignment	: 64
address sizes	: 39 bits physical, 48 bits virtual
power management:

processor	: 5
vendor_id	: GenuineIntel
cpu family	: 6
model		: 158
model name	: Intel(R) Core(TM) i7-7700HQ CPU @ 2.80GHz
stepping	: 9
microcode	: 0xca
cpu MHz		: 2147.839
cache size	: 6144 KB
physical id	: 0
siblings	: 8
core id		: 1
cpu cores	: 4
apicid		: 3
initial apicid	: 3
fpu		: yes
fpu_exception	: yes
cpuid level	: 22
wp		: yes
flags		: fpu vme de pse tsc msr pae mce cx8 apic sep mtrr pge mca cmov pat pse36 clflush dts acpi mmx fxsr sse sse2 ss ht tm pbe syscall nx pdpe1gb rdtscp lm constant_tsc art arch_perfmon pebs bts rep_good nopl xtopology nonstop_tsc cpuid aperfmperf tsc_known_freq pni pclmulqdq dtes64 monitor ds_cpl vmx est tm2 ssse3 sdbg fma cx16 xtpr pdcm pcid sse4_1 sse4_2 x2apic movbe popcnt tsc_deadline_timer aes xsave avx f16c rdrand lahf_lm abm 3dnowprefetch cpuid_fault epb invpcid_single pti ssbd ibrs ibpb stibp tpr_shadow vnmi flexpriority ept vpid ept_ad fsgsbase tsc_adjust bmi1 avx2 smep bmi2 erms invpcid mpx rdseed adx smap clflushopt intel_pt xsaveopt xsavec xgetbv1 xsaves dtherm ida arat pln pts hwp hwp_notify hwp_act_window hwp_epp md_clear flush_l1d
bugs		: cpu_meltdown spectre_v1 spectre_v2 spec_store_bypass l1tf mds swapgs itlb_multihit
bogomips	: 5616.00
clflush size	: 64
cache_alignment	: 64
address sizes	: 39 bits physical, 48 bits virtual
power management:

processor	: 6
vendor_id	: GenuineIntel
cpu family	: 6
model		: 158
model name	: Intel(R) Core(TM) i7-7700HQ CPU @ 2.80GHz
stepping	: 9
microcode	: 0xca
cpu MHz		: 2401.294
cache size	: 6144 KB
physical id	: 0
siblings	: 8
core id		: 2
cpu cores	: 4
apicid		: 5
initial apicid	: 5
fpu		: yes
fpu_exception	: yes
cpuid level	: 22
wp		: yes
flags		: fpu vme de pse tsc msr pae mce cx8 apic sep mtrr pge mca cmov pat pse36 clflush dts acpi mmx fxsr sse sse2 ss ht tm pbe syscall nx pdpe1gb rdtscp lm constant_tsc art arch_perfmon pebs bts rep_good nopl xtopology nonstop_tsc cpuid aperfmperf tsc_known_freq pni pclmulqdq dtes64 monitor ds_cpl vmx est tm2 ssse3 sdbg fma cx16 xtpr pdcm pcid sse4_1 sse4_2 x2apic movbe popcnt tsc_deadline_timer aes xsave avx f16c rdrand lahf_lm abm 3dnowprefetch cpuid_fault epb invpcid_single pti ssbd ibrs ibpb stibp tpr_shadow vnmi flexpriority ept vpid ept_ad fsgsbase tsc_adjust bmi1 avx2 smep bmi2 erms invpcid mpx rdseed adx smap clflushopt intel_pt xsaveopt xsavec xgetbv1 xsaves dtherm ida arat pln pts hwp hwp_notify hwp_act_window hwp_epp md_clear flush_l1d
bugs		: cpu_meltdown spectre_v1 spectre_v2 spec_store_bypass l1tf mds swapgs itlb_multihit
bogomips	: 5616.00
clflush size	: 64
cache_alignment	: 64
address sizes	: 39 bits physical, 48 bits virtual
power management:

processor	: 7
vendor_id	: GenuineIntel
cpu family	: 6
model		: 158
model name	: Intel(R) Core(TM) i7-7700HQ CPU @ 2.80GHz
stepping	: 9
microcode	: 0xca
cpu MHz		: 2047.035
cache size	: 6144 KB
physical id	: 0
siblings	: 8
core id		: 3
cpu cores	: 4
apicid		: 7
initial apicid	: 7
fpu		: yes
fpu_exception	: yes
cpuid level	: 22
wp		: yes
flags		: fpu vme de pse tsc msr pae mce cx8 apic sep mtrr pge mca cmov pat pse36 clflush dts acpi mmx fxsr sse sse2 ss ht tm pbe syscall nx pdpe1gb rdtscp lm constant_tsc art arch_perfmon pebs bts rep_good nopl xtopology nonstop_tsc cpuid aperfmperf tsc_known_freq pni pclmulqdq dtes64 monitor ds_cpl vmx est tm2 ssse3 sdbg fma cx16 xtpr pdcm pcid sse4_1 sse4_2 x2apic movbe popcnt tsc_deadline_timer aes xsave avx f16c rdrand lahf_lm abm 3dnowprefetch cpuid_fault epb invpcid_single pti ssbd ibrs ibpb stibp tpr_shadow vnmi flexpriority ept vpid ept_ad fsgsbase tsc_adjust bmi1 avx2 smep bmi2 erms invpcid mpx rdseed adx smap clflushopt intel_pt xsaveopt xsavec xgetbv1 xsaves dtherm ida arat pln pts hwp hwp_notify hwp_act_window hwp_epp md_clear flush_l1d
bugs		: cpu_meltdown spectre_v1 spectre_v2 spec_store_bypass l1tf mds swapgs itlb_multihit
bogomips	: 5616.00
clflush size	: 64
cache_alignment	: 64
address sizes	: 39 bits physical, 48 bits virtual
power management:



Memory: 4k page, physical 16284208k(8304600k free), swap 900104k(900104k free)

vm_info: OpenJDK 64-Bit Server VM (25.222-b10) for linux-amd64 JRE (1.8.0_222-8u222-b10-1ubuntu1~18.04.1-b10), built on Jul 18 2019 18:52:48 by "buildd" with gcc 7.4.0

time: Thu Nov 21 20:06:51 2019
timezone: -05
elapsed time: 5 seconds (0d 0h 0m 5s)

